cuDNN enabled: True
CUDA: 11.1
cuDNN: 8005
GPU: NVIDIA RTX A5000
Checkpoint saved at epoch 1, iteration 1000
Checkpoint saved at epoch 1, iteration 2000
Checkpoint saved at epoch 1, iteration 3000
Checkpoint saved at epoch 1, iteration 4000
Checkpoint saved at epoch 1, iteration 5000
Checkpoint saved at epoch 1, iteration 6000
Checkpoint saved at epoch 1, iteration 7000
Checkpoint saved at epoch 1, iteration 8000
Checkpoint saved at epoch 1, iteration 9000
Checkpoint saved at epoch 1, iteration 10000
Checkpoint saved at epoch 1, iteration 11000
Checkpoint saved at epoch 1, iteration 12000
Checkpoint saved at epoch 1, iteration 13000
Checkpoint saved at epoch 1, iteration 14000
Checkpoint saved at epoch 1, iteration 15000
Checkpoint saved at epoch 1, iteration 16000
Checkpoint saved at epoch 1, iteration 17000
Checkpoint saved at epoch 1, iteration 18000
Checkpoint saved at epoch 1, iteration 19000
Checkpoint saved at epoch 1, iteration 20000
Checkpoint saved at epoch 1, iteration 21000
Checkpoint saved at epoch 1, iteration 22000
Checkpoint saved at epoch 1, iteration 23000
Checkpoint saved at epoch 1, iteration 24000
Checkpoint saved at epoch 1, iteration 25000
Checkpoint saved at epoch 1, iteration 26000
Checkpoint saved at epoch 1, iteration 27000
Checkpoint saved at epoch 1, iteration 28000
Checkpoint saved at epoch 1, iteration 29000
Checkpoint saved at epoch 1, iteration 30000
Checkpoint saved at epoch 1, iteration 31000
Checkpoint saved at epoch 1, iteration 32000
Checkpoint saved at epoch 1, iteration 33000
Checkpoint saved at epoch 1, iteration 34000
Checkpoint saved at epoch 1, iteration 35000
Checkpoint saved at epoch 1, iteration 36000
Checkpoint saved at epoch 1, iteration 37000
Epoch 1 completed, checkpoint saved.
Checkpoint saved at epoch 2, iteration 38000
Checkpoint saved at epoch 2, iteration 39000
Checkpoint saved at epoch 2, iteration 40000
Checkpoint saved at epoch 2, iteration 41000
Checkpoint saved at epoch 2, iteration 42000
Checkpoint saved at epoch 2, iteration 43000
Checkpoint saved at epoch 2, iteration 44000
Checkpoint saved at epoch 2, iteration 45000
Checkpoint saved at epoch 2, iteration 46000
Checkpoint saved at epoch 2, iteration 47000
Checkpoint saved at epoch 2, iteration 48000
Checkpoint saved at epoch 2, iteration 49000
Checkpoint saved at epoch 2, iteration 50000
Checkpoint saved at epoch 2, iteration 51000
Checkpoint saved at epoch 2, iteration 52000
Checkpoint saved at epoch 2, iteration 53000
Checkpoint saved at epoch 2, iteration 54000
Checkpoint saved at epoch 2, iteration 55000
Checkpoint saved at epoch 2, iteration 56000
Checkpoint saved at epoch 2, iteration 57000
Checkpoint saved at epoch 2, iteration 58000
Checkpoint saved at epoch 2, iteration 59000
Checkpoint saved at epoch 2, iteration 60000
Checkpoint saved at epoch 2, iteration 61000
Checkpoint saved at epoch 2, iteration 62000
Checkpoint saved at epoch 2, iteration 63000
Checkpoint saved at epoch 2, iteration 64000
Checkpoint saved at epoch 2, iteration 65000
Checkpoint saved at epoch 2, iteration 66000
Checkpoint saved at epoch 2, iteration 67000
Checkpoint saved at epoch 2, iteration 68000
Checkpoint saved at epoch 2, iteration 69000
Checkpoint saved at epoch 2, iteration 70000
Checkpoint saved at epoch 2, iteration 71000
Checkpoint saved at epoch 2, iteration 72000
Checkpoint saved at epoch 2, iteration 73000
Checkpoint saved at epoch 2, iteration 74000
Checkpoint saved at epoch 2, iteration 75000
Epoch 2 completed, checkpoint saved.
Checkpoint saved at epoch 3, iteration 76000
Checkpoint saved at epoch 3, iteration 77000
Checkpoint saved at epoch 3, iteration 78000
Checkpoint saved at epoch 3, iteration 79000
Checkpoint saved at epoch 3, iteration 80000
Checkpoint saved at epoch 3, iteration 81000
Checkpoint saved at epoch 3, iteration 82000
Checkpoint saved at epoch 3, iteration 83000
Checkpoint saved at epoch 3, iteration 84000
Checkpoint saved at epoch 3, iteration 85000
Checkpoint saved at epoch 3, iteration 86000
Checkpoint saved at epoch 3, iteration 87000
Checkpoint saved at epoch 3, iteration 88000
Checkpoint saved at epoch 3, iteration 89000
Checkpoint saved at epoch 3, iteration 90000
Checkpoint saved at epoch 3, iteration 91000
Checkpoint saved at epoch 3, iteration 92000
Checkpoint saved at epoch 3, iteration 93000
Checkpoint saved at epoch 3, iteration 94000
Checkpoint saved at epoch 3, iteration 95000
Checkpoint saved at epoch 3, iteration 96000
Checkpoint saved at epoch 3, iteration 97000
Checkpoint saved at epoch 3, iteration 98000
Checkpoint saved at epoch 3, iteration 99000
Checkpoint saved at epoch 3, iteration 100000
Checkpoint saved at epoch 3, iteration 101000
Checkpoint saved at epoch 3, iteration 102000
Checkpoint saved at epoch 3, iteration 103000
Checkpoint saved at epoch 3, iteration 104000
Checkpoint saved at epoch 3, iteration 105000
Checkpoint saved at epoch 3, iteration 106000
Checkpoint saved at epoch 3, iteration 107000
Checkpoint saved at epoch 3, iteration 108000
Checkpoint saved at epoch 3, iteration 109000
Checkpoint saved at epoch 3, iteration 110000
Checkpoint saved at epoch 3, iteration 111000
Checkpoint saved at epoch 3, iteration 112000
Checkpoint saved at epoch 3, iteration 113000
Epoch 3 completed, checkpoint saved.
Checkpoint saved at epoch 4, iteration 114000
Checkpoint saved at epoch 4, iteration 115000
Checkpoint saved at epoch 4, iteration 116000
Checkpoint saved at epoch 4, iteration 117000
Checkpoint saved at epoch 4, iteration 118000
Checkpoint saved at epoch 4, iteration 119000
Checkpoint saved at epoch 4, iteration 120000
Checkpoint saved at epoch 4, iteration 121000
Checkpoint saved at epoch 4, iteration 122000
Checkpoint saved at epoch 4, iteration 123000
Checkpoint saved at epoch 4, iteration 124000
Checkpoint saved at epoch 4, iteration 125000
Checkpoint saved at epoch 4, iteration 126000
Checkpoint saved at epoch 4, iteration 127000
Checkpoint saved at epoch 4, iteration 128000
Checkpoint saved at epoch 4, iteration 129000
Checkpoint saved at epoch 4, iteration 130000
Checkpoint saved at epoch 4, iteration 131000
Checkpoint saved at epoch 4, iteration 132000
Checkpoint saved at epoch 4, iteration 133000
Checkpoint saved at epoch 4, iteration 134000
Checkpoint saved at epoch 4, iteration 135000
Checkpoint saved at epoch 4, iteration 136000
Checkpoint saved at epoch 4, iteration 137000
Checkpoint saved at epoch 4, iteration 138000
Checkpoint saved at epoch 4, iteration 139000
Checkpoint saved at epoch 4, iteration 140000
Checkpoint saved at epoch 4, iteration 141000
Checkpoint saved at epoch 4, iteration 142000
Checkpoint saved at epoch 4, iteration 143000
Checkpoint saved at epoch 4, iteration 144000
Checkpoint saved at epoch 4, iteration 145000
Checkpoint saved at epoch 4, iteration 146000
Checkpoint saved at epoch 4, iteration 147000
Checkpoint saved at epoch 4, iteration 148000
Checkpoint saved at epoch 4, iteration 149000
Checkpoint saved at epoch 4, iteration 150000
Checkpoint saved at epoch 4, iteration 151000
Epoch 4 completed, checkpoint saved.
Checkpoint saved at epoch 5, iteration 152000
Checkpoint saved at epoch 5, iteration 153000
Checkpoint saved at epoch 5, iteration 154000
Checkpoint saved at epoch 5, iteration 155000
Checkpoint saved at epoch 5, iteration 156000
Checkpoint saved at epoch 5, iteration 157000
Checkpoint saved at epoch 5, iteration 158000
Checkpoint saved at epoch 5, iteration 159000
Checkpoint saved at epoch 5, iteration 160000
Checkpoint saved at epoch 5, iteration 161000
Checkpoint saved at epoch 5, iteration 162000
Checkpoint saved at epoch 5, iteration 163000
Checkpoint saved at epoch 5, iteration 164000
Checkpoint saved at epoch 5, iteration 165000
Checkpoint saved at epoch 5, iteration 166000
Checkpoint saved at epoch 5, iteration 167000
Checkpoint saved at epoch 5, iteration 168000
Checkpoint saved at epoch 5, iteration 169000
Checkpoint saved at epoch 5, iteration 170000
Checkpoint saved at epoch 5, iteration 171000
Checkpoint saved at epoch 5, iteration 172000
Checkpoint saved at epoch 5, iteration 173000
Checkpoint saved at epoch 5, iteration 174000
Checkpoint saved at epoch 5, iteration 175000
Checkpoint saved at epoch 5, iteration 176000
Checkpoint saved at epoch 5, iteration 177000
Checkpoint saved at epoch 5, iteration 178000
Checkpoint saved at epoch 5, iteration 179000
Checkpoint saved at epoch 5, iteration 180000
Checkpoint saved at epoch 5, iteration 181000
Checkpoint saved at epoch 5, iteration 182000
Checkpoint saved at epoch 5, iteration 183000
Checkpoint saved at epoch 5, iteration 184000
Checkpoint saved at epoch 5, iteration 185000
Checkpoint saved at epoch 5, iteration 186000
Checkpoint saved at epoch 5, iteration 187000
Checkpoint saved at epoch 5, iteration 188000
Checkpoint saved at epoch 5, iteration 189000
Epoch 5 completed, checkpoint saved.
Checkpoint saved at epoch 6, iteration 190000
Checkpoint saved at epoch 6, iteration 191000
Checkpoint saved at epoch 6, iteration 192000
Checkpoint saved at epoch 6, iteration 193000
Checkpoint saved at epoch 6, iteration 194000
Checkpoint saved at epoch 6, iteration 195000
Checkpoint saved at epoch 6, iteration 196000
Checkpoint saved at epoch 6, iteration 197000
Checkpoint saved at epoch 6, iteration 198000
Checkpoint saved at epoch 6, iteration 199000
Checkpoint saved at epoch 6, iteration 200000
Checkpoint saved at epoch 6, iteration 201000
Checkpoint saved at epoch 6, iteration 202000
Checkpoint saved at epoch 6, iteration 203000
Checkpoint saved at epoch 6, iteration 204000
Checkpoint saved at epoch 6, iteration 205000
Checkpoint saved at epoch 6, iteration 206000
Checkpoint saved at epoch 6, iteration 207000
Checkpoint saved at epoch 6, iteration 208000
Checkpoint saved at epoch 6, iteration 209000
Checkpoint saved at epoch 6, iteration 210000
Checkpoint saved at epoch 6, iteration 211000
Checkpoint saved at epoch 6, iteration 212000
Checkpoint saved at epoch 6, iteration 213000
Checkpoint saved at epoch 6, iteration 214000
Checkpoint saved at epoch 6, iteration 215000
Checkpoint saved at epoch 6, iteration 216000
Checkpoint saved at epoch 6, iteration 217000
Checkpoint saved at epoch 6, iteration 218000
Checkpoint saved at epoch 6, iteration 219000
Checkpoint saved at epoch 6, iteration 220000
Checkpoint saved at epoch 6, iteration 221000
Checkpoint saved at epoch 6, iteration 222000
Checkpoint saved at epoch 6, iteration 223000
Checkpoint saved at epoch 6, iteration 224000
Checkpoint saved at epoch 6, iteration 225000
Checkpoint saved at epoch 6, iteration 226000
Checkpoint saved at epoch 6, iteration 227000
Epoch 6 completed, checkpoint saved.
Checkpoint saved at epoch 7, iteration 228000
Checkpoint saved at epoch 7, iteration 229000
Checkpoint saved at epoch 7, iteration 230000
Checkpoint saved at epoch 7, iteration 231000
Checkpoint saved at epoch 7, iteration 232000
Checkpoint saved at epoch 7, iteration 233000
Checkpoint saved at epoch 7, iteration 234000
Checkpoint saved at epoch 7, iteration 235000
Checkpoint saved at epoch 7, iteration 236000
Checkpoint saved at epoch 7, iteration 237000
Checkpoint saved at epoch 7, iteration 238000
Checkpoint saved at epoch 7, iteration 239000
Checkpoint saved at epoch 7, iteration 240000
Checkpoint saved at epoch 7, iteration 241000
Checkpoint saved at epoch 7, iteration 242000
Checkpoint saved at epoch 7, iteration 243000
Checkpoint saved at epoch 7, iteration 244000
Checkpoint saved at epoch 7, iteration 245000
Checkpoint saved at epoch 7, iteration 246000
Checkpoint saved at epoch 7, iteration 247000
Checkpoint saved at epoch 7, iteration 248000
Checkpoint saved at epoch 7, iteration 249000
Checkpoint saved at epoch 7, iteration 250000
Checkpoint saved at epoch 7, iteration 251000
Checkpoint saved at epoch 7, iteration 252000
Checkpoint saved at epoch 7, iteration 253000
Checkpoint saved at epoch 7, iteration 254000
Checkpoint saved at epoch 7, iteration 255000
Checkpoint saved at epoch 7, iteration 256000
Checkpoint saved at epoch 7, iteration 257000
Checkpoint saved at epoch 7, iteration 258000
Checkpoint saved at epoch 7, iteration 259000
Checkpoint saved at epoch 7, iteration 260000
Checkpoint saved at epoch 7, iteration 261000
Checkpoint saved at epoch 7, iteration 262000
Checkpoint saved at epoch 7, iteration 263000
Checkpoint saved at epoch 7, iteration 264000
Checkpoint saved at epoch 7, iteration 265000
Epoch 7 completed, checkpoint saved.
