cuDNN enabled: True
CUDA: 11.1
cuDNN: 8005
GPU: NVIDIA RTX A5000
Loading checkpoint from classifiers2/checkpoint_latest.pth
Checkpoint saved at epoch 25, iteration 809000
Checkpoint saved at epoch 25, iteration 810000
Checkpoint saved at epoch 25, iteration 811000
Checkpoint saved at epoch 25, iteration 812000
Checkpoint saved at epoch 25, iteration 813000
Checkpoint saved at epoch 25, iteration 814000
Checkpoint saved at epoch 25, iteration 815000
Checkpoint saved at epoch 25, iteration 816000
Checkpoint saved at epoch 25, iteration 817000
Checkpoint saved at epoch 25, iteration 818000
Checkpoint saved at epoch 25, iteration 819000
Checkpoint saved at epoch 25, iteration 820000
Checkpoint saved at epoch 25, iteration 821000
Checkpoint saved at epoch 25, iteration 822000
Checkpoint saved at epoch 25, iteration 823000
Checkpoint saved at epoch 25, iteration 824000
Checkpoint saved at epoch 25, iteration 825000
Checkpoint saved at epoch 25, iteration 826000
Checkpoint saved at epoch 25, iteration 827000
Checkpoint saved at epoch 25, iteration 828000
Checkpoint saved at epoch 25, iteration 829000
Checkpoint saved at epoch 25, iteration 830000
Checkpoint saved at epoch 25, iteration 831000
Checkpoint saved at epoch 25, iteration 832000
Checkpoint saved at epoch 25, iteration 833000
Checkpoint saved at epoch 25, iteration 834000
Checkpoint saved at epoch 25, iteration 835000
Checkpoint saved at epoch 25, iteration 836000
Checkpoint saved at epoch 25, iteration 837000
Checkpoint saved at epoch 25, iteration 838000
Checkpoint saved at epoch 25, iteration 839000
Checkpoint saved at epoch 25, iteration 840000
Checkpoint saved at epoch 25, iteration 841000
Checkpoint saved at epoch 25, iteration 842000
Checkpoint saved at epoch 25, iteration 843000
Checkpoint saved at epoch 25, iteration 844000
Checkpoint saved at epoch 25, iteration 845000
Epoch 25 completed, checkpoint saved.
Checkpoint saved at epoch 26, iteration 846000
Checkpoint saved at epoch 26, iteration 847000
Checkpoint saved at epoch 26, iteration 848000
Checkpoint saved at epoch 26, iteration 849000
Checkpoint saved at epoch 26, iteration 850000
Checkpoint saved at epoch 26, iteration 851000
Checkpoint saved at epoch 26, iteration 852000
Checkpoint saved at epoch 26, iteration 853000
Checkpoint saved at epoch 26, iteration 854000
Checkpoint saved at epoch 26, iteration 855000
Checkpoint saved at epoch 26, iteration 856000
Checkpoint saved at epoch 26, iteration 857000
Checkpoint saved at epoch 26, iteration 858000
Checkpoint saved at epoch 26, iteration 859000
Checkpoint saved at epoch 26, iteration 860000
Checkpoint saved at epoch 26, iteration 861000
Checkpoint saved at epoch 26, iteration 862000
Checkpoint saved at epoch 26, iteration 863000
Checkpoint saved at epoch 26, iteration 864000
Checkpoint saved at epoch 26, iteration 865000
Checkpoint saved at epoch 26, iteration 866000
Checkpoint saved at epoch 26, iteration 867000
Checkpoint saved at epoch 26, iteration 868000
Checkpoint saved at epoch 26, iteration 869000
Checkpoint saved at epoch 26, iteration 870000
Checkpoint saved at epoch 26, iteration 871000
Checkpoint saved at epoch 26, iteration 872000
Checkpoint saved at epoch 26, iteration 873000
Checkpoint saved at epoch 26, iteration 874000
Checkpoint saved at epoch 26, iteration 875000
Checkpoint saved at epoch 26, iteration 876000
Checkpoint saved at epoch 26, iteration 877000
Checkpoint saved at epoch 26, iteration 878000
Checkpoint saved at epoch 26, iteration 879000
Checkpoint saved at epoch 26, iteration 880000
Checkpoint saved at epoch 26, iteration 881000
Checkpoint saved at epoch 26, iteration 882000
Checkpoint saved at epoch 26, iteration 883000
Epoch 26 completed, checkpoint saved.
Checkpoint saved at epoch 27, iteration 884000
Checkpoint saved at epoch 27, iteration 885000
Checkpoint saved at epoch 27, iteration 886000
Checkpoint saved at epoch 27, iteration 887000
Checkpoint saved at epoch 27, iteration 888000
Checkpoint saved at epoch 27, iteration 889000
Checkpoint saved at epoch 27, iteration 890000
Checkpoint saved at epoch 27, iteration 891000
Checkpoint saved at epoch 27, iteration 892000
Checkpoint saved at epoch 27, iteration 893000
Checkpoint saved at epoch 27, iteration 894000
Checkpoint saved at epoch 27, iteration 895000
Checkpoint saved at epoch 27, iteration 896000
Checkpoint saved at epoch 27, iteration 897000
Checkpoint saved at epoch 27, iteration 898000
Checkpoint saved at epoch 27, iteration 899000
Checkpoint saved at epoch 27, iteration 900000
Checkpoint saved at epoch 27, iteration 901000
Checkpoint saved at epoch 27, iteration 902000
Checkpoint saved at epoch 27, iteration 903000
Checkpoint saved at epoch 27, iteration 904000
Checkpoint saved at epoch 27, iteration 905000
Checkpoint saved at epoch 27, iteration 906000
Checkpoint saved at epoch 27, iteration 907000
Checkpoint saved at epoch 27, iteration 908000
Checkpoint saved at epoch 27, iteration 909000
Checkpoint saved at epoch 27, iteration 910000
Checkpoint saved at epoch 27, iteration 911000
Checkpoint saved at epoch 27, iteration 912000
Checkpoint saved at epoch 27, iteration 913000
Checkpoint saved at epoch 27, iteration 914000
Checkpoint saved at epoch 27, iteration 915000
Checkpoint saved at epoch 27, iteration 916000
Checkpoint saved at epoch 27, iteration 917000
Checkpoint saved at epoch 27, iteration 918000
Checkpoint saved at epoch 27, iteration 919000
Checkpoint saved at epoch 27, iteration 920000
Checkpoint saved at epoch 27, iteration 921000
Epoch 27 completed, checkpoint saved.
Checkpoint saved at epoch 28, iteration 922000
Checkpoint saved at epoch 28, iteration 923000
Checkpoint saved at epoch 28, iteration 924000
Checkpoint saved at epoch 28, iteration 925000
Checkpoint saved at epoch 28, iteration 926000
Checkpoint saved at epoch 28, iteration 927000
Checkpoint saved at epoch 28, iteration 928000
Checkpoint saved at epoch 28, iteration 929000
Checkpoint saved at epoch 28, iteration 930000
Checkpoint saved at epoch 28, iteration 931000
Checkpoint saved at epoch 28, iteration 932000
Checkpoint saved at epoch 28, iteration 933000
Checkpoint saved at epoch 28, iteration 934000
Checkpoint saved at epoch 28, iteration 935000
Checkpoint saved at epoch 28, iteration 936000
Checkpoint saved at epoch 28, iteration 937000
Checkpoint saved at epoch 28, iteration 938000
Checkpoint saved at epoch 28, iteration 939000
Checkpoint saved at epoch 28, iteration 940000
Checkpoint saved at epoch 28, iteration 941000
Checkpoint saved at epoch 28, iteration 942000
Checkpoint saved at epoch 28, iteration 943000
Checkpoint saved at epoch 28, iteration 944000
Checkpoint saved at epoch 28, iteration 945000
Checkpoint saved at epoch 28, iteration 946000
Checkpoint saved at epoch 28, iteration 947000
Checkpoint saved at epoch 28, iteration 948000
Checkpoint saved at epoch 28, iteration 949000
Checkpoint saved at epoch 28, iteration 950000
Checkpoint saved at epoch 28, iteration 951000
Checkpoint saved at epoch 28, iteration 952000
Checkpoint saved at epoch 28, iteration 953000
Checkpoint saved at epoch 28, iteration 954000
Checkpoint saved at epoch 28, iteration 955000
Checkpoint saved at epoch 28, iteration 956000
Checkpoint saved at epoch 28, iteration 957000
Checkpoint saved at epoch 28, iteration 958000
Checkpoint saved at epoch 28, iteration 959000
Epoch 28 completed, checkpoint saved.
Checkpoint saved at epoch 29, iteration 960000
Checkpoint saved at epoch 29, iteration 961000
Checkpoint saved at epoch 29, iteration 962000
Checkpoint saved at epoch 29, iteration 963000
Checkpoint saved at epoch 29, iteration 964000
Checkpoint saved at epoch 29, iteration 965000
Checkpoint saved at epoch 29, iteration 966000
Checkpoint saved at epoch 29, iteration 967000
Checkpoint saved at epoch 29, iteration 968000
Checkpoint saved at epoch 29, iteration 969000
Checkpoint saved at epoch 29, iteration 970000
Checkpoint saved at epoch 29, iteration 971000
Checkpoint saved at epoch 29, iteration 972000
Checkpoint saved at epoch 29, iteration 973000
Checkpoint saved at epoch 29, iteration 974000
Checkpoint saved at epoch 29, iteration 975000
Checkpoint saved at epoch 29, iteration 976000
Checkpoint saved at epoch 29, iteration 977000
Checkpoint saved at epoch 29, iteration 978000
Checkpoint saved at epoch 29, iteration 979000
Checkpoint saved at epoch 29, iteration 980000
Checkpoint saved at epoch 29, iteration 981000
Checkpoint saved at epoch 29, iteration 982000
Checkpoint saved at epoch 29, iteration 983000
Checkpoint saved at epoch 29, iteration 984000
Checkpoint saved at epoch 29, iteration 985000
Checkpoint saved at epoch 29, iteration 986000
Checkpoint saved at epoch 29, iteration 987000
Checkpoint saved at epoch 29, iteration 988000
Checkpoint saved at epoch 29, iteration 989000
Checkpoint saved at epoch 29, iteration 990000
Checkpoint saved at epoch 29, iteration 991000
Checkpoint saved at epoch 29, iteration 992000
Checkpoint saved at epoch 29, iteration 993000
Checkpoint saved at epoch 29, iteration 994000
Checkpoint saved at epoch 29, iteration 995000
Checkpoint saved at epoch 29, iteration 996000
Checkpoint saved at epoch 29, iteration 997000
Epoch 29 completed, checkpoint saved.
Checkpoint saved at epoch 30, iteration 998000
Checkpoint saved at epoch 30, iteration 999000
Checkpoint saved at epoch 30, iteration 1000000
Checkpoint saved at epoch 30, iteration 1001000
Checkpoint saved at epoch 30, iteration 1002000
Checkpoint saved at epoch 30, iteration 1003000
Checkpoint saved at epoch 30, iteration 1004000
Checkpoint saved at epoch 30, iteration 1005000
Checkpoint saved at epoch 30, iteration 1006000
Checkpoint saved at epoch 30, iteration 1007000
Checkpoint saved at epoch 30, iteration 1008000
Checkpoint saved at epoch 30, iteration 1009000
Checkpoint saved at epoch 30, iteration 1010000
Checkpoint saved at epoch 30, iteration 1011000
Checkpoint saved at epoch 30, iteration 1012000
Checkpoint saved at epoch 30, iteration 1013000
Checkpoint saved at epoch 30, iteration 1014000
Checkpoint saved at epoch 30, iteration 1015000
Checkpoint saved at epoch 30, iteration 1016000
Checkpoint saved at epoch 30, iteration 1017000
Checkpoint saved at epoch 30, iteration 1018000
Checkpoint saved at epoch 30, iteration 1019000
Checkpoint saved at epoch 30, iteration 1020000
Checkpoint saved at epoch 30, iteration 1021000
Checkpoint saved at epoch 30, iteration 1022000
Checkpoint saved at epoch 30, iteration 1023000
Checkpoint saved at epoch 30, iteration 1024000
Checkpoint saved at epoch 30, iteration 1025000
Checkpoint saved at epoch 30, iteration 1026000
Checkpoint saved at epoch 30, iteration 1027000
Checkpoint saved at epoch 30, iteration 1028000
Checkpoint saved at epoch 30, iteration 1029000
Checkpoint saved at epoch 30, iteration 1030000
Checkpoint saved at epoch 30, iteration 1031000
Checkpoint saved at epoch 30, iteration 1032000
Checkpoint saved at epoch 30, iteration 1033000
Checkpoint saved at epoch 30, iteration 1034000
Checkpoint saved at epoch 30, iteration 1035000
Epoch 30 completed, checkpoint saved.
Checkpoint saved at epoch 31, iteration 1036000
Checkpoint saved at epoch 31, iteration 1037000
Checkpoint saved at epoch 31, iteration 1038000
Checkpoint saved at epoch 31, iteration 1039000
Checkpoint saved at epoch 31, iteration 1040000
Checkpoint saved at epoch 31, iteration 1041000
Checkpoint saved at epoch 31, iteration 1042000
Checkpoint saved at epoch 31, iteration 1043000
Checkpoint saved at epoch 31, iteration 1044000
Checkpoint saved at epoch 31, iteration 1045000
Checkpoint saved at epoch 31, iteration 1046000
Checkpoint saved at epoch 31, iteration 1047000
Checkpoint saved at epoch 31, iteration 1048000
Checkpoint saved at epoch 31, iteration 1049000
Checkpoint saved at epoch 31, iteration 1050000
Checkpoint saved at epoch 31, iteration 1051000
Checkpoint saved at epoch 31, iteration 1052000
Checkpoint saved at epoch 31, iteration 1053000
Checkpoint saved at epoch 31, iteration 1054000
Checkpoint saved at epoch 31, iteration 1055000
Checkpoint saved at epoch 31, iteration 1056000
Checkpoint saved at epoch 31, iteration 1057000
Checkpoint saved at epoch 31, iteration 1058000
Checkpoint saved at epoch 31, iteration 1059000
Checkpoint saved at epoch 31, iteration 1060000
Checkpoint saved at epoch 31, iteration 1061000
Checkpoint saved at epoch 31, iteration 1062000
Checkpoint saved at epoch 31, iteration 1063000
Checkpoint saved at epoch 31, iteration 1064000
Checkpoint saved at epoch 31, iteration 1065000
Checkpoint saved at epoch 31, iteration 1066000
Checkpoint saved at epoch 31, iteration 1067000
Checkpoint saved at epoch 31, iteration 1068000
Checkpoint saved at epoch 31, iteration 1069000
Checkpoint saved at epoch 31, iteration 1070000
Checkpoint saved at epoch 31, iteration 1071000
Checkpoint saved at epoch 31, iteration 1072000
Checkpoint saved at epoch 31, iteration 1073000
Epoch 31 completed, checkpoint saved.
