cuDNN enabled: True
CUDA: 11.1
cuDNN: 8005
GPU: NVIDIA RTX A5000
Loading checkpoint from classifiers2/checkpoint_latest.pth
Checkpoint saved at epoch 41, iteration 1347000
Checkpoint saved at epoch 41, iteration 1348000
Checkpoint saved at epoch 41, iteration 1349000
Checkpoint saved at epoch 41, iteration 1350000
Checkpoint saved at epoch 41, iteration 1351000
Checkpoint saved at epoch 41, iteration 1352000
Checkpoint saved at epoch 41, iteration 1353000
Checkpoint saved at epoch 41, iteration 1354000
Checkpoint saved at epoch 41, iteration 1355000
Checkpoint saved at epoch 41, iteration 1356000
Checkpoint saved at epoch 41, iteration 1357000
Checkpoint saved at epoch 41, iteration 1358000
Checkpoint saved at epoch 41, iteration 1359000
Checkpoint saved at epoch 41, iteration 1360000
Checkpoint saved at epoch 41, iteration 1361000
Checkpoint saved at epoch 41, iteration 1362000
Checkpoint saved at epoch 41, iteration 1363000
Checkpoint saved at epoch 41, iteration 1364000
Checkpoint saved at epoch 41, iteration 1365000
Checkpoint saved at epoch 41, iteration 1366000
Checkpoint saved at epoch 41, iteration 1367000
Checkpoint saved at epoch 41, iteration 1368000
Checkpoint saved at epoch 41, iteration 1369000
Checkpoint saved at epoch 41, iteration 1370000
Checkpoint saved at epoch 41, iteration 1371000
Checkpoint saved at epoch 41, iteration 1372000
Checkpoint saved at epoch 41, iteration 1373000
Checkpoint saved at epoch 41, iteration 1374000
Checkpoint saved at epoch 41, iteration 1375000
Checkpoint saved at epoch 41, iteration 1376000
Checkpoint saved at epoch 41, iteration 1377000
Checkpoint saved at epoch 41, iteration 1378000
Checkpoint saved at epoch 41, iteration 1379000
Checkpoint saved at epoch 41, iteration 1380000
Checkpoint saved at epoch 41, iteration 1381000
Checkpoint saved at epoch 41, iteration 1382000
Checkpoint saved at epoch 41, iteration 1383000
Epoch 41 completed, checkpoint saved.
Checkpoint saved at epoch 42, iteration 1384000
Checkpoint saved at epoch 42, iteration 1385000
Checkpoint saved at epoch 42, iteration 1386000
Checkpoint saved at epoch 42, iteration 1387000
Checkpoint saved at epoch 42, iteration 1388000
Checkpoint saved at epoch 42, iteration 1389000
Checkpoint saved at epoch 42, iteration 1390000
Checkpoint saved at epoch 42, iteration 1391000
Checkpoint saved at epoch 42, iteration 1392000
Checkpoint saved at epoch 42, iteration 1393000
Checkpoint saved at epoch 42, iteration 1394000
Checkpoint saved at epoch 42, iteration 1395000
Checkpoint saved at epoch 42, iteration 1396000
Checkpoint saved at epoch 42, iteration 1397000
Checkpoint saved at epoch 42, iteration 1398000
Checkpoint saved at epoch 42, iteration 1399000
Checkpoint saved at epoch 42, iteration 1400000
Checkpoint saved at epoch 42, iteration 1401000
Checkpoint saved at epoch 42, iteration 1402000
Checkpoint saved at epoch 42, iteration 1403000
Checkpoint saved at epoch 42, iteration 1404000
Checkpoint saved at epoch 42, iteration 1405000
Checkpoint saved at epoch 42, iteration 1406000
Checkpoint saved at epoch 42, iteration 1407000
Checkpoint saved at epoch 42, iteration 1408000
Checkpoint saved at epoch 42, iteration 1409000
Checkpoint saved at epoch 42, iteration 1410000
Checkpoint saved at epoch 42, iteration 1411000
Checkpoint saved at epoch 42, iteration 1412000
Checkpoint saved at epoch 42, iteration 1413000
Checkpoint saved at epoch 42, iteration 1414000
Checkpoint saved at epoch 42, iteration 1415000
Checkpoint saved at epoch 42, iteration 1416000
Checkpoint saved at epoch 42, iteration 1417000
Checkpoint saved at epoch 42, iteration 1418000
Checkpoint saved at epoch 42, iteration 1419000
Checkpoint saved at epoch 42, iteration 1420000
Checkpoint saved at epoch 42, iteration 1421000
Epoch 42 completed, checkpoint saved.
Checkpoint saved at epoch 43, iteration 1422000
Checkpoint saved at epoch 43, iteration 1423000
Checkpoint saved at epoch 43, iteration 1424000
Checkpoint saved at epoch 43, iteration 1425000
Checkpoint saved at epoch 43, iteration 1426000
Checkpoint saved at epoch 43, iteration 1427000
Checkpoint saved at epoch 43, iteration 1428000
Checkpoint saved at epoch 43, iteration 1429000
Checkpoint saved at epoch 43, iteration 1430000
Checkpoint saved at epoch 43, iteration 1431000
Checkpoint saved at epoch 43, iteration 1432000
Checkpoint saved at epoch 43, iteration 1433000
Checkpoint saved at epoch 43, iteration 1434000
Checkpoint saved at epoch 43, iteration 1435000
Checkpoint saved at epoch 43, iteration 1436000
Checkpoint saved at epoch 43, iteration 1437000
Checkpoint saved at epoch 43, iteration 1438000
Checkpoint saved at epoch 43, iteration 1439000
Checkpoint saved at epoch 43, iteration 1440000
Checkpoint saved at epoch 43, iteration 1441000
Checkpoint saved at epoch 43, iteration 1442000
Checkpoint saved at epoch 43, iteration 1443000
Checkpoint saved at epoch 43, iteration 1444000
Checkpoint saved at epoch 43, iteration 1445000
Checkpoint saved at epoch 43, iteration 1446000
Checkpoint saved at epoch 43, iteration 1447000
Checkpoint saved at epoch 43, iteration 1448000
Checkpoint saved at epoch 43, iteration 1449000
Checkpoint saved at epoch 43, iteration 1450000
Checkpoint saved at epoch 43, iteration 1451000
Checkpoint saved at epoch 43, iteration 1452000
Checkpoint saved at epoch 43, iteration 1453000
Checkpoint saved at epoch 43, iteration 1454000
Checkpoint saved at epoch 43, iteration 1455000
Checkpoint saved at epoch 43, iteration 1456000
Checkpoint saved at epoch 43, iteration 1457000
Checkpoint saved at epoch 43, iteration 1458000
Checkpoint saved at epoch 43, iteration 1459000
Epoch 43 completed, checkpoint saved.
Checkpoint saved at epoch 44, iteration 1460000
Checkpoint saved at epoch 44, iteration 1461000
Checkpoint saved at epoch 44, iteration 1462000
Checkpoint saved at epoch 44, iteration 1463000
Checkpoint saved at epoch 44, iteration 1464000
Checkpoint saved at epoch 44, iteration 1465000
Checkpoint saved at epoch 44, iteration 1466000
Checkpoint saved at epoch 44, iteration 1467000
Checkpoint saved at epoch 44, iteration 1468000
Checkpoint saved at epoch 44, iteration 1469000
Checkpoint saved at epoch 44, iteration 1470000
Checkpoint saved at epoch 44, iteration 1471000
Checkpoint saved at epoch 44, iteration 1472000
Checkpoint saved at epoch 44, iteration 1473000
Checkpoint saved at epoch 44, iteration 1474000
Checkpoint saved at epoch 44, iteration 1475000
Checkpoint saved at epoch 44, iteration 1476000
Checkpoint saved at epoch 44, iteration 1477000
Checkpoint saved at epoch 44, iteration 1478000
Checkpoint saved at epoch 44, iteration 1479000
Checkpoint saved at epoch 44, iteration 1480000
Checkpoint saved at epoch 44, iteration 1481000
Checkpoint saved at epoch 44, iteration 1482000
Checkpoint saved at epoch 44, iteration 1483000
Checkpoint saved at epoch 44, iteration 1484000
Checkpoint saved at epoch 44, iteration 1485000
Checkpoint saved at epoch 44, iteration 1486000
Checkpoint saved at epoch 44, iteration 1487000
Checkpoint saved at epoch 44, iteration 1488000
Checkpoint saved at epoch 44, iteration 1489000
Checkpoint saved at epoch 44, iteration 1490000
Checkpoint saved at epoch 44, iteration 1491000
Checkpoint saved at epoch 44, iteration 1492000
Checkpoint saved at epoch 44, iteration 1493000
Checkpoint saved at epoch 44, iteration 1494000
Checkpoint saved at epoch 44, iteration 1495000
Checkpoint saved at epoch 44, iteration 1496000
Checkpoint saved at epoch 44, iteration 1497000
Epoch 44 completed, checkpoint saved.
Checkpoint saved at epoch 45, iteration 1498000
Checkpoint saved at epoch 45, iteration 1499000
Checkpoint saved at epoch 45, iteration 1500000
Checkpoint saved at epoch 45, iteration 1501000
Checkpoint saved at epoch 45, iteration 1502000
Checkpoint saved at epoch 45, iteration 1503000
Checkpoint saved at epoch 45, iteration 1504000
Checkpoint saved at epoch 45, iteration 1505000
Checkpoint saved at epoch 45, iteration 1506000
Checkpoint saved at epoch 45, iteration 1507000
Checkpoint saved at epoch 45, iteration 1508000
Checkpoint saved at epoch 45, iteration 1509000
Checkpoint saved at epoch 45, iteration 1510000
Checkpoint saved at epoch 45, iteration 1511000
Checkpoint saved at epoch 45, iteration 1512000
Checkpoint saved at epoch 45, iteration 1513000
Checkpoint saved at epoch 45, iteration 1514000
Checkpoint saved at epoch 45, iteration 1515000
Checkpoint saved at epoch 45, iteration 1516000
Checkpoint saved at epoch 45, iteration 1517000
Checkpoint saved at epoch 45, iteration 1518000
Checkpoint saved at epoch 45, iteration 1519000
Checkpoint saved at epoch 45, iteration 1520000
Checkpoint saved at epoch 45, iteration 1521000
Checkpoint saved at epoch 45, iteration 1522000
Checkpoint saved at epoch 45, iteration 1523000
Checkpoint saved at epoch 45, iteration 1524000
Checkpoint saved at epoch 45, iteration 1525000
Checkpoint saved at epoch 45, iteration 1526000
Checkpoint saved at epoch 45, iteration 1527000
Checkpoint saved at epoch 45, iteration 1528000
Checkpoint saved at epoch 45, iteration 1529000
Checkpoint saved at epoch 45, iteration 1530000
Checkpoint saved at epoch 45, iteration 1531000
Checkpoint saved at epoch 45, iteration 1532000
Checkpoint saved at epoch 45, iteration 1533000
Checkpoint saved at epoch 45, iteration 1534000
Checkpoint saved at epoch 45, iteration 1535000
Epoch 45 completed, checkpoint saved.
Checkpoint saved at epoch 46, iteration 1536000
Checkpoint saved at epoch 46, iteration 1537000
Checkpoint saved at epoch 46, iteration 1538000
Checkpoint saved at epoch 46, iteration 1539000
Checkpoint saved at epoch 46, iteration 1540000
Checkpoint saved at epoch 46, iteration 1541000
Checkpoint saved at epoch 46, iteration 1542000
Checkpoint saved at epoch 46, iteration 1543000
Checkpoint saved at epoch 46, iteration 1544000
Checkpoint saved at epoch 46, iteration 1545000
Checkpoint saved at epoch 46, iteration 1546000
Checkpoint saved at epoch 46, iteration 1547000
Checkpoint saved at epoch 46, iteration 1548000
Checkpoint saved at epoch 46, iteration 1549000
Checkpoint saved at epoch 46, iteration 1550000
Checkpoint saved at epoch 46, iteration 1551000
Checkpoint saved at epoch 46, iteration 1552000
Checkpoint saved at epoch 46, iteration 1553000
Checkpoint saved at epoch 46, iteration 1554000
Checkpoint saved at epoch 46, iteration 1555000
Checkpoint saved at epoch 46, iteration 1556000
Checkpoint saved at epoch 46, iteration 1557000
Checkpoint saved at epoch 46, iteration 1558000
Checkpoint saved at epoch 46, iteration 1559000
Checkpoint saved at epoch 46, iteration 1560000
Checkpoint saved at epoch 46, iteration 1561000
Checkpoint saved at epoch 46, iteration 1562000
Checkpoint saved at epoch 46, iteration 1563000
Checkpoint saved at epoch 46, iteration 1564000
Checkpoint saved at epoch 46, iteration 1565000
Checkpoint saved at epoch 46, iteration 1566000
Checkpoint saved at epoch 46, iteration 1567000
Checkpoint saved at epoch 46, iteration 1568000
Checkpoint saved at epoch 46, iteration 1569000
Checkpoint saved at epoch 46, iteration 1570000
Checkpoint saved at epoch 46, iteration 1571000
Checkpoint saved at epoch 46, iteration 1572000
Checkpoint saved at epoch 46, iteration 1573000
Epoch 46 completed, checkpoint saved.
Checkpoint saved at epoch 47, iteration 1574000
Checkpoint saved at epoch 47, iteration 1575000
Checkpoint saved at epoch 47, iteration 1576000
Checkpoint saved at epoch 47, iteration 1577000
Checkpoint saved at epoch 47, iteration 1578000
Checkpoint saved at epoch 47, iteration 1579000
Checkpoint saved at epoch 47, iteration 1580000
Checkpoint saved at epoch 47, iteration 1581000
Checkpoint saved at epoch 47, iteration 1582000
Checkpoint saved at epoch 47, iteration 1583000
Checkpoint saved at epoch 47, iteration 1584000
Checkpoint saved at epoch 47, iteration 1585000
Checkpoint saved at epoch 47, iteration 1586000
Checkpoint saved at epoch 47, iteration 1587000
Checkpoint saved at epoch 47, iteration 1588000
Checkpoint saved at epoch 47, iteration 1589000
Checkpoint saved at epoch 47, iteration 1590000
Checkpoint saved at epoch 47, iteration 1591000
Checkpoint saved at epoch 47, iteration 1592000
Checkpoint saved at epoch 47, iteration 1593000
Checkpoint saved at epoch 47, iteration 1594000
Checkpoint saved at epoch 47, iteration 1595000
Checkpoint saved at epoch 47, iteration 1596000
Checkpoint saved at epoch 47, iteration 1597000
Checkpoint saved at epoch 47, iteration 1598000
Checkpoint saved at epoch 47, iteration 1599000
Checkpoint saved at epoch 47, iteration 1600000
Checkpoint saved at epoch 47, iteration 1601000
Checkpoint saved at epoch 47, iteration 1602000
Checkpoint saved at epoch 47, iteration 1603000
Checkpoint saved at epoch 47, iteration 1604000
Checkpoint saved at epoch 47, iteration 1605000
Checkpoint saved at epoch 47, iteration 1606000
Checkpoint saved at epoch 47, iteration 1607000
Checkpoint saved at epoch 47, iteration 1608000
Checkpoint saved at epoch 47, iteration 1609000
Checkpoint saved at epoch 47, iteration 1610000
Checkpoint saved at epoch 47, iteration 1611000
Epoch 47 completed, checkpoint saved.
