cuDNN enabled: True
CUDA: 11.1
cuDNN: 8005
GPU: NVIDIA RTX A5000
Loading checkpoint from classifiers2/checkpoint_latest.pth
Checkpoint saved at epoch 9, iteration 270000
Checkpoint saved at epoch 9, iteration 271000
Checkpoint saved at epoch 9, iteration 272000
Checkpoint saved at epoch 9, iteration 273000
Checkpoint saved at epoch 9, iteration 274000
Checkpoint saved at epoch 9, iteration 275000
Checkpoint saved at epoch 9, iteration 276000
Checkpoint saved at epoch 9, iteration 277000
Checkpoint saved at epoch 9, iteration 278000
Checkpoint saved at epoch 9, iteration 279000
Checkpoint saved at epoch 9, iteration 280000
Checkpoint saved at epoch 9, iteration 281000
Checkpoint saved at epoch 9, iteration 282000
Checkpoint saved at epoch 9, iteration 283000
Checkpoint saved at epoch 9, iteration 284000
Checkpoint saved at epoch 9, iteration 285000
Checkpoint saved at epoch 9, iteration 286000
Checkpoint saved at epoch 9, iteration 287000
Checkpoint saved at epoch 9, iteration 288000
Checkpoint saved at epoch 9, iteration 289000
Checkpoint saved at epoch 9, iteration 290000
Checkpoint saved at epoch 9, iteration 291000
Checkpoint saved at epoch 9, iteration 292000
Checkpoint saved at epoch 9, iteration 293000
Checkpoint saved at epoch 9, iteration 294000
Checkpoint saved at epoch 9, iteration 295000
Checkpoint saved at epoch 9, iteration 296000
Checkpoint saved at epoch 9, iteration 297000
Checkpoint saved at epoch 9, iteration 298000
Checkpoint saved at epoch 9, iteration 299000
Checkpoint saved at epoch 9, iteration 300000
Checkpoint saved at epoch 9, iteration 301000
Checkpoint saved at epoch 9, iteration 302000
Checkpoint saved at epoch 9, iteration 303000
Checkpoint saved at epoch 9, iteration 304000
Checkpoint saved at epoch 9, iteration 305000
Checkpoint saved at epoch 9, iteration 306000
Epoch 9 completed, checkpoint saved.
Checkpoint saved at epoch 10, iteration 307000
Checkpoint saved at epoch 10, iteration 308000
Checkpoint saved at epoch 10, iteration 309000
Checkpoint saved at epoch 10, iteration 310000
Checkpoint saved at epoch 10, iteration 311000
Checkpoint saved at epoch 10, iteration 312000
Checkpoint saved at epoch 10, iteration 313000
Checkpoint saved at epoch 10, iteration 314000
Checkpoint saved at epoch 10, iteration 315000
Checkpoint saved at epoch 10, iteration 316000
Checkpoint saved at epoch 10, iteration 317000
Checkpoint saved at epoch 10, iteration 318000
Checkpoint saved at epoch 10, iteration 319000
Checkpoint saved at epoch 10, iteration 320000
Checkpoint saved at epoch 10, iteration 321000
Checkpoint saved at epoch 10, iteration 322000
Checkpoint saved at epoch 10, iteration 323000
Checkpoint saved at epoch 10, iteration 324000
Checkpoint saved at epoch 10, iteration 325000
Checkpoint saved at epoch 10, iteration 326000
Checkpoint saved at epoch 10, iteration 327000
Checkpoint saved at epoch 10, iteration 328000
Checkpoint saved at epoch 10, iteration 329000
Checkpoint saved at epoch 10, iteration 330000
Checkpoint saved at epoch 10, iteration 331000
Checkpoint saved at epoch 10, iteration 332000
Checkpoint saved at epoch 10, iteration 333000
Checkpoint saved at epoch 10, iteration 334000
Checkpoint saved at epoch 10, iteration 335000
Checkpoint saved at epoch 10, iteration 336000
Checkpoint saved at epoch 10, iteration 337000
Checkpoint saved at epoch 10, iteration 338000
Checkpoint saved at epoch 10, iteration 339000
Checkpoint saved at epoch 10, iteration 340000
Checkpoint saved at epoch 10, iteration 341000
Checkpoint saved at epoch 10, iteration 342000
Checkpoint saved at epoch 10, iteration 343000
Checkpoint saved at epoch 10, iteration 344000
Epoch 10 completed, checkpoint saved.
Checkpoint saved at epoch 11, iteration 345000
Checkpoint saved at epoch 11, iteration 346000
Checkpoint saved at epoch 11, iteration 347000
Checkpoint saved at epoch 11, iteration 348000
Checkpoint saved at epoch 11, iteration 349000
Checkpoint saved at epoch 11, iteration 350000
Checkpoint saved at epoch 11, iteration 351000
Checkpoint saved at epoch 11, iteration 352000
Checkpoint saved at epoch 11, iteration 353000
Checkpoint saved at epoch 11, iteration 354000
Checkpoint saved at epoch 11, iteration 355000
Checkpoint saved at epoch 11, iteration 356000
Checkpoint saved at epoch 11, iteration 357000
Checkpoint saved at epoch 11, iteration 358000
Checkpoint saved at epoch 11, iteration 359000
Checkpoint saved at epoch 11, iteration 360000
Checkpoint saved at epoch 11, iteration 361000
Checkpoint saved at epoch 11, iteration 362000
Checkpoint saved at epoch 11, iteration 363000
Checkpoint saved at epoch 11, iteration 364000
Checkpoint saved at epoch 11, iteration 365000
Checkpoint saved at epoch 11, iteration 366000
Checkpoint saved at epoch 11, iteration 367000
Checkpoint saved at epoch 11, iteration 368000
Checkpoint saved at epoch 11, iteration 369000
Checkpoint saved at epoch 11, iteration 370000
Checkpoint saved at epoch 11, iteration 371000
Checkpoint saved at epoch 11, iteration 372000
Checkpoint saved at epoch 11, iteration 373000
Checkpoint saved at epoch 11, iteration 374000
Checkpoint saved at epoch 11, iteration 375000
Checkpoint saved at epoch 11, iteration 376000
Checkpoint saved at epoch 11, iteration 377000
Checkpoint saved at epoch 11, iteration 378000
Checkpoint saved at epoch 11, iteration 379000
Checkpoint saved at epoch 11, iteration 380000
Checkpoint saved at epoch 11, iteration 381000
Checkpoint saved at epoch 11, iteration 382000
Epoch 11 completed, checkpoint saved.
Checkpoint saved at epoch 12, iteration 383000
Checkpoint saved at epoch 12, iteration 384000
Checkpoint saved at epoch 12, iteration 385000
Checkpoint saved at epoch 12, iteration 386000
Checkpoint saved at epoch 12, iteration 387000
Checkpoint saved at epoch 12, iteration 388000
Checkpoint saved at epoch 12, iteration 389000
Checkpoint saved at epoch 12, iteration 390000
Checkpoint saved at epoch 12, iteration 391000
Checkpoint saved at epoch 12, iteration 392000
Checkpoint saved at epoch 12, iteration 393000
Checkpoint saved at epoch 12, iteration 394000
Checkpoint saved at epoch 12, iteration 395000
Checkpoint saved at epoch 12, iteration 396000
Checkpoint saved at epoch 12, iteration 397000
Checkpoint saved at epoch 12, iteration 398000
Checkpoint saved at epoch 12, iteration 399000
Checkpoint saved at epoch 12, iteration 400000
Checkpoint saved at epoch 12, iteration 401000
Checkpoint saved at epoch 12, iteration 402000
Checkpoint saved at epoch 12, iteration 403000
Checkpoint saved at epoch 12, iteration 404000
Checkpoint saved at epoch 12, iteration 405000
Checkpoint saved at epoch 12, iteration 406000
Checkpoint saved at epoch 12, iteration 407000
Checkpoint saved at epoch 12, iteration 408000
Checkpoint saved at epoch 12, iteration 409000
Checkpoint saved at epoch 12, iteration 410000
Checkpoint saved at epoch 12, iteration 411000
Checkpoint saved at epoch 12, iteration 412000
Checkpoint saved at epoch 12, iteration 413000
Checkpoint saved at epoch 12, iteration 414000
Checkpoint saved at epoch 12, iteration 415000
Checkpoint saved at epoch 12, iteration 416000
Checkpoint saved at epoch 12, iteration 417000
Checkpoint saved at epoch 12, iteration 418000
Checkpoint saved at epoch 12, iteration 419000
Checkpoint saved at epoch 12, iteration 420000
Epoch 12 completed, checkpoint saved.
Checkpoint saved at epoch 13, iteration 421000
Checkpoint saved at epoch 13, iteration 422000
Checkpoint saved at epoch 13, iteration 423000
Checkpoint saved at epoch 13, iteration 424000
Checkpoint saved at epoch 13, iteration 425000
Checkpoint saved at epoch 13, iteration 426000
Checkpoint saved at epoch 13, iteration 427000
Checkpoint saved at epoch 13, iteration 428000
Checkpoint saved at epoch 13, iteration 429000
Checkpoint saved at epoch 13, iteration 430000
Checkpoint saved at epoch 13, iteration 431000
Checkpoint saved at epoch 13, iteration 432000
Checkpoint saved at epoch 13, iteration 433000
Checkpoint saved at epoch 13, iteration 434000
Checkpoint saved at epoch 13, iteration 435000
Checkpoint saved at epoch 13, iteration 436000
Checkpoint saved at epoch 13, iteration 437000
Checkpoint saved at epoch 13, iteration 438000
Checkpoint saved at epoch 13, iteration 439000
Checkpoint saved at epoch 13, iteration 440000
Checkpoint saved at epoch 13, iteration 441000
Checkpoint saved at epoch 13, iteration 442000
Checkpoint saved at epoch 13, iteration 443000
Checkpoint saved at epoch 13, iteration 444000
Checkpoint saved at epoch 13, iteration 445000
Checkpoint saved at epoch 13, iteration 446000
Checkpoint saved at epoch 13, iteration 447000
Checkpoint saved at epoch 13, iteration 448000
Checkpoint saved at epoch 13, iteration 449000
Checkpoint saved at epoch 13, iteration 450000
Checkpoint saved at epoch 13, iteration 451000
Checkpoint saved at epoch 13, iteration 452000
Checkpoint saved at epoch 13, iteration 453000
Checkpoint saved at epoch 13, iteration 454000
Checkpoint saved at epoch 13, iteration 455000
Checkpoint saved at epoch 13, iteration 456000
Checkpoint saved at epoch 13, iteration 457000
Checkpoint saved at epoch 13, iteration 458000
Epoch 13 completed, checkpoint saved.
Checkpoint saved at epoch 14, iteration 459000
Checkpoint saved at epoch 14, iteration 460000
Checkpoint saved at epoch 14, iteration 461000
Checkpoint saved at epoch 14, iteration 462000
Checkpoint saved at epoch 14, iteration 463000
Checkpoint saved at epoch 14, iteration 464000
Checkpoint saved at epoch 14, iteration 465000
Checkpoint saved at epoch 14, iteration 466000
Checkpoint saved at epoch 14, iteration 467000
Checkpoint saved at epoch 14, iteration 468000
Checkpoint saved at epoch 14, iteration 469000
Checkpoint saved at epoch 14, iteration 470000
Checkpoint saved at epoch 14, iteration 471000
Checkpoint saved at epoch 14, iteration 472000
Checkpoint saved at epoch 14, iteration 473000
Checkpoint saved at epoch 14, iteration 474000
Checkpoint saved at epoch 14, iteration 475000
Checkpoint saved at epoch 14, iteration 476000
Checkpoint saved at epoch 14, iteration 477000
Checkpoint saved at epoch 14, iteration 478000
Checkpoint saved at epoch 14, iteration 479000
Checkpoint saved at epoch 14, iteration 480000
Checkpoint saved at epoch 14, iteration 481000
Checkpoint saved at epoch 14, iteration 482000
Checkpoint saved at epoch 14, iteration 483000
Checkpoint saved at epoch 14, iteration 484000
Checkpoint saved at epoch 14, iteration 485000
Checkpoint saved at epoch 14, iteration 486000
Checkpoint saved at epoch 14, iteration 487000
Checkpoint saved at epoch 14, iteration 488000
Checkpoint saved at epoch 14, iteration 489000
Checkpoint saved at epoch 14, iteration 490000
Checkpoint saved at epoch 14, iteration 491000
Checkpoint saved at epoch 14, iteration 492000
Checkpoint saved at epoch 14, iteration 493000
Checkpoint saved at epoch 14, iteration 494000
Checkpoint saved at epoch 14, iteration 495000
Checkpoint saved at epoch 14, iteration 496000
Epoch 14 completed, checkpoint saved.
Checkpoint saved at epoch 15, iteration 497000
Checkpoint saved at epoch 15, iteration 498000
Checkpoint saved at epoch 15, iteration 499000
Checkpoint saved at epoch 15, iteration 500000
Checkpoint saved at epoch 15, iteration 501000
Checkpoint saved at epoch 15, iteration 502000
Checkpoint saved at epoch 15, iteration 503000
Checkpoint saved at epoch 15, iteration 504000
Checkpoint saved at epoch 15, iteration 505000
Checkpoint saved at epoch 15, iteration 506000
Checkpoint saved at epoch 15, iteration 507000
Checkpoint saved at epoch 15, iteration 508000
Checkpoint saved at epoch 15, iteration 509000
Checkpoint saved at epoch 15, iteration 510000
Checkpoint saved at epoch 15, iteration 511000
Checkpoint saved at epoch 15, iteration 512000
Checkpoint saved at epoch 15, iteration 513000
Checkpoint saved at epoch 15, iteration 514000
Checkpoint saved at epoch 15, iteration 515000
Checkpoint saved at epoch 15, iteration 516000
Checkpoint saved at epoch 15, iteration 517000
Checkpoint saved at epoch 15, iteration 518000
Checkpoint saved at epoch 15, iteration 519000
Checkpoint saved at epoch 15, iteration 520000
Checkpoint saved at epoch 15, iteration 521000
Checkpoint saved at epoch 15, iteration 522000
Checkpoint saved at epoch 15, iteration 523000
Checkpoint saved at epoch 15, iteration 524000
Checkpoint saved at epoch 15, iteration 525000
Checkpoint saved at epoch 15, iteration 526000
Checkpoint saved at epoch 15, iteration 527000
Checkpoint saved at epoch 15, iteration 528000
Checkpoint saved at epoch 15, iteration 529000
Checkpoint saved at epoch 15, iteration 530000
Checkpoint saved at epoch 15, iteration 531000
Checkpoint saved at epoch 15, iteration 532000
Checkpoint saved at epoch 15, iteration 533000
Checkpoint saved at epoch 15, iteration 534000
Epoch 15 completed, checkpoint saved.
