cuDNN enabled: True
CUDA: 11.1
cuDNN: 8005
GPU: NVIDIA RTX A5000
Loading checkpoint from classifiers2/checkpoint_latest.pth
Checkpoint saved at epoch 17, iteration 540000
Checkpoint saved at epoch 17, iteration 541000
Checkpoint saved at epoch 17, iteration 542000
Checkpoint saved at epoch 17, iteration 543000
Checkpoint saved at epoch 17, iteration 544000
Checkpoint saved at epoch 17, iteration 545000
Checkpoint saved at epoch 17, iteration 546000
Checkpoint saved at epoch 17, iteration 547000
Checkpoint saved at epoch 17, iteration 548000
Checkpoint saved at epoch 17, iteration 549000
Checkpoint saved at epoch 17, iteration 550000
Checkpoint saved at epoch 17, iteration 551000
Checkpoint saved at epoch 17, iteration 552000
Checkpoint saved at epoch 17, iteration 553000
Checkpoint saved at epoch 17, iteration 554000
Checkpoint saved at epoch 17, iteration 555000
Checkpoint saved at epoch 17, iteration 556000
Checkpoint saved at epoch 17, iteration 557000
Checkpoint saved at epoch 17, iteration 558000
Checkpoint saved at epoch 17, iteration 559000
Checkpoint saved at epoch 17, iteration 560000
Checkpoint saved at epoch 17, iteration 561000
Checkpoint saved at epoch 17, iteration 562000
Checkpoint saved at epoch 17, iteration 563000
Checkpoint saved at epoch 17, iteration 564000
Checkpoint saved at epoch 17, iteration 565000
Checkpoint saved at epoch 17, iteration 566000
Checkpoint saved at epoch 17, iteration 567000
Checkpoint saved at epoch 17, iteration 568000
Checkpoint saved at epoch 17, iteration 569000
Checkpoint saved at epoch 17, iteration 570000
Checkpoint saved at epoch 17, iteration 571000
Checkpoint saved at epoch 17, iteration 572000
Checkpoint saved at epoch 17, iteration 573000
Checkpoint saved at epoch 17, iteration 574000
Checkpoint saved at epoch 17, iteration 575000
Checkpoint saved at epoch 17, iteration 576000
Epoch 17 completed, checkpoint saved.
Checkpoint saved at epoch 18, iteration 577000
Checkpoint saved at epoch 18, iteration 578000
Checkpoint saved at epoch 18, iteration 579000
Checkpoint saved at epoch 18, iteration 580000
Checkpoint saved at epoch 18, iteration 581000
Checkpoint saved at epoch 18, iteration 582000
Checkpoint saved at epoch 18, iteration 583000
Checkpoint saved at epoch 18, iteration 584000
Checkpoint saved at epoch 18, iteration 585000
Checkpoint saved at epoch 18, iteration 586000
Checkpoint saved at epoch 18, iteration 587000
Checkpoint saved at epoch 18, iteration 588000
Checkpoint saved at epoch 18, iteration 589000
Checkpoint saved at epoch 18, iteration 590000
Checkpoint saved at epoch 18, iteration 591000
Checkpoint saved at epoch 18, iteration 592000
Checkpoint saved at epoch 18, iteration 593000
Checkpoint saved at epoch 18, iteration 594000
Checkpoint saved at epoch 18, iteration 595000
Checkpoint saved at epoch 18, iteration 596000
Checkpoint saved at epoch 18, iteration 597000
Checkpoint saved at epoch 18, iteration 598000
Checkpoint saved at epoch 18, iteration 599000
Checkpoint saved at epoch 18, iteration 600000
Checkpoint saved at epoch 18, iteration 601000
Checkpoint saved at epoch 18, iteration 602000
Checkpoint saved at epoch 18, iteration 603000
Checkpoint saved at epoch 18, iteration 604000
Checkpoint saved at epoch 18, iteration 605000
Checkpoint saved at epoch 18, iteration 606000
Checkpoint saved at epoch 18, iteration 607000
Checkpoint saved at epoch 18, iteration 608000
Checkpoint saved at epoch 18, iteration 609000
Checkpoint saved at epoch 18, iteration 610000
Checkpoint saved at epoch 18, iteration 611000
Checkpoint saved at epoch 18, iteration 612000
Checkpoint saved at epoch 18, iteration 613000
Checkpoint saved at epoch 18, iteration 614000
Epoch 18 completed, checkpoint saved.
Checkpoint saved at epoch 19, iteration 615000
Checkpoint saved at epoch 19, iteration 616000
Checkpoint saved at epoch 19, iteration 617000
Checkpoint saved at epoch 19, iteration 618000
Checkpoint saved at epoch 19, iteration 619000
Checkpoint saved at epoch 19, iteration 620000
Checkpoint saved at epoch 19, iteration 621000
Checkpoint saved at epoch 19, iteration 622000
Checkpoint saved at epoch 19, iteration 623000
Checkpoint saved at epoch 19, iteration 624000
Checkpoint saved at epoch 19, iteration 625000
Checkpoint saved at epoch 19, iteration 626000
Checkpoint saved at epoch 19, iteration 627000
Checkpoint saved at epoch 19, iteration 628000
Checkpoint saved at epoch 19, iteration 629000
Checkpoint saved at epoch 19, iteration 630000
Checkpoint saved at epoch 19, iteration 631000
Checkpoint saved at epoch 19, iteration 632000
Checkpoint saved at epoch 19, iteration 633000
Checkpoint saved at epoch 19, iteration 634000
Checkpoint saved at epoch 19, iteration 635000
Checkpoint saved at epoch 19, iteration 636000
Checkpoint saved at epoch 19, iteration 637000
Checkpoint saved at epoch 19, iteration 638000
Checkpoint saved at epoch 19, iteration 639000
Checkpoint saved at epoch 19, iteration 640000
Checkpoint saved at epoch 19, iteration 641000
Checkpoint saved at epoch 19, iteration 642000
Checkpoint saved at epoch 19, iteration 643000
Checkpoint saved at epoch 19, iteration 644000
Checkpoint saved at epoch 19, iteration 645000
Checkpoint saved at epoch 19, iteration 646000
Checkpoint saved at epoch 19, iteration 647000
Checkpoint saved at epoch 19, iteration 648000
Checkpoint saved at epoch 19, iteration 649000
Checkpoint saved at epoch 19, iteration 650000
Checkpoint saved at epoch 19, iteration 651000
Checkpoint saved at epoch 19, iteration 652000
Epoch 19 completed, checkpoint saved.
Checkpoint saved at epoch 20, iteration 653000
Checkpoint saved at epoch 20, iteration 654000
Checkpoint saved at epoch 20, iteration 655000
Checkpoint saved at epoch 20, iteration 656000
Checkpoint saved at epoch 20, iteration 657000
Checkpoint saved at epoch 20, iteration 658000
Checkpoint saved at epoch 20, iteration 659000
Checkpoint saved at epoch 20, iteration 660000
Checkpoint saved at epoch 20, iteration 661000
Checkpoint saved at epoch 20, iteration 662000
Checkpoint saved at epoch 20, iteration 663000
Checkpoint saved at epoch 20, iteration 664000
Checkpoint saved at epoch 20, iteration 665000
Checkpoint saved at epoch 20, iteration 666000
Checkpoint saved at epoch 20, iteration 667000
Checkpoint saved at epoch 20, iteration 668000
Checkpoint saved at epoch 20, iteration 669000
Checkpoint saved at epoch 20, iteration 670000
Checkpoint saved at epoch 20, iteration 671000
Checkpoint saved at epoch 20, iteration 672000
Checkpoint saved at epoch 20, iteration 673000
Checkpoint saved at epoch 20, iteration 674000
Checkpoint saved at epoch 20, iteration 675000
Checkpoint saved at epoch 20, iteration 676000
Checkpoint saved at epoch 20, iteration 677000
Checkpoint saved at epoch 20, iteration 678000
Checkpoint saved at epoch 20, iteration 679000
Checkpoint saved at epoch 20, iteration 680000
Checkpoint saved at epoch 20, iteration 681000
Checkpoint saved at epoch 20, iteration 682000
Checkpoint saved at epoch 20, iteration 683000
Checkpoint saved at epoch 20, iteration 684000
Checkpoint saved at epoch 20, iteration 685000
Checkpoint saved at epoch 20, iteration 686000
Checkpoint saved at epoch 20, iteration 687000
Checkpoint saved at epoch 20, iteration 688000
Checkpoint saved at epoch 20, iteration 689000
Checkpoint saved at epoch 20, iteration 690000
Epoch 20 completed, checkpoint saved.
Checkpoint saved at epoch 21, iteration 691000
Checkpoint saved at epoch 21, iteration 692000
Checkpoint saved at epoch 21, iteration 693000
Checkpoint saved at epoch 21, iteration 694000
Checkpoint saved at epoch 21, iteration 695000
Checkpoint saved at epoch 21, iteration 696000
Checkpoint saved at epoch 21, iteration 697000
Checkpoint saved at epoch 21, iteration 698000
Checkpoint saved at epoch 21, iteration 699000
Checkpoint saved at epoch 21, iteration 700000
Checkpoint saved at epoch 21, iteration 701000
Checkpoint saved at epoch 21, iteration 702000
Checkpoint saved at epoch 21, iteration 703000
Checkpoint saved at epoch 21, iteration 704000
Checkpoint saved at epoch 21, iteration 705000
Checkpoint saved at epoch 21, iteration 706000
Checkpoint saved at epoch 21, iteration 707000
Checkpoint saved at epoch 21, iteration 708000
Checkpoint saved at epoch 21, iteration 709000
Checkpoint saved at epoch 21, iteration 710000
Checkpoint saved at epoch 21, iteration 711000
Checkpoint saved at epoch 21, iteration 712000
Checkpoint saved at epoch 21, iteration 713000
Checkpoint saved at epoch 21, iteration 714000
Checkpoint saved at epoch 21, iteration 715000
Checkpoint saved at epoch 21, iteration 716000
Checkpoint saved at epoch 21, iteration 717000
Checkpoint saved at epoch 21, iteration 718000
Checkpoint saved at epoch 21, iteration 719000
Checkpoint saved at epoch 21, iteration 720000
Checkpoint saved at epoch 21, iteration 721000
Checkpoint saved at epoch 21, iteration 722000
Checkpoint saved at epoch 21, iteration 723000
Checkpoint saved at epoch 21, iteration 724000
Checkpoint saved at epoch 21, iteration 725000
Checkpoint saved at epoch 21, iteration 726000
Checkpoint saved at epoch 21, iteration 727000
Checkpoint saved at epoch 21, iteration 728000
Epoch 21 completed, checkpoint saved.
Checkpoint saved at epoch 22, iteration 729000
Checkpoint saved at epoch 22, iteration 730000
Checkpoint saved at epoch 22, iteration 731000
Checkpoint saved at epoch 22, iteration 732000
Checkpoint saved at epoch 22, iteration 733000
Checkpoint saved at epoch 22, iteration 734000
Checkpoint saved at epoch 22, iteration 735000
Checkpoint saved at epoch 22, iteration 736000
Checkpoint saved at epoch 22, iteration 737000
Checkpoint saved at epoch 22, iteration 738000
Checkpoint saved at epoch 22, iteration 739000
Checkpoint saved at epoch 22, iteration 740000
Checkpoint saved at epoch 22, iteration 741000
Checkpoint saved at epoch 22, iteration 742000
Checkpoint saved at epoch 22, iteration 743000
Checkpoint saved at epoch 22, iteration 744000
Checkpoint saved at epoch 22, iteration 745000
Checkpoint saved at epoch 22, iteration 746000
Checkpoint saved at epoch 22, iteration 747000
Checkpoint saved at epoch 22, iteration 748000
Checkpoint saved at epoch 22, iteration 749000
Checkpoint saved at epoch 22, iteration 750000
Checkpoint saved at epoch 22, iteration 751000
Checkpoint saved at epoch 22, iteration 752000
Checkpoint saved at epoch 22, iteration 753000
Checkpoint saved at epoch 22, iteration 754000
Checkpoint saved at epoch 22, iteration 755000
Checkpoint saved at epoch 22, iteration 756000
Checkpoint saved at epoch 22, iteration 757000
Checkpoint saved at epoch 22, iteration 758000
Checkpoint saved at epoch 22, iteration 759000
Checkpoint saved at epoch 22, iteration 760000
Checkpoint saved at epoch 22, iteration 761000
Checkpoint saved at epoch 22, iteration 762000
Checkpoint saved at epoch 22, iteration 763000
Checkpoint saved at epoch 22, iteration 764000
Checkpoint saved at epoch 22, iteration 765000
Checkpoint saved at epoch 22, iteration 766000
Epoch 22 completed, checkpoint saved.
Checkpoint saved at epoch 23, iteration 767000
Checkpoint saved at epoch 23, iteration 768000
Checkpoint saved at epoch 23, iteration 769000
Checkpoint saved at epoch 23, iteration 770000
Checkpoint saved at epoch 23, iteration 771000
Checkpoint saved at epoch 23, iteration 772000
Checkpoint saved at epoch 23, iteration 773000
Checkpoint saved at epoch 23, iteration 774000
Checkpoint saved at epoch 23, iteration 775000
Checkpoint saved at epoch 23, iteration 776000
Checkpoint saved at epoch 23, iteration 777000
Checkpoint saved at epoch 23, iteration 778000
Checkpoint saved at epoch 23, iteration 779000
Checkpoint saved at epoch 23, iteration 780000
Checkpoint saved at epoch 23, iteration 781000
Checkpoint saved at epoch 23, iteration 782000
Checkpoint saved at epoch 23, iteration 783000
Checkpoint saved at epoch 23, iteration 784000
Checkpoint saved at epoch 23, iteration 785000
Checkpoint saved at epoch 23, iteration 786000
Checkpoint saved at epoch 23, iteration 787000
Checkpoint saved at epoch 23, iteration 788000
Checkpoint saved at epoch 23, iteration 789000
Checkpoint saved at epoch 23, iteration 790000
Checkpoint saved at epoch 23, iteration 791000
Checkpoint saved at epoch 23, iteration 792000
Checkpoint saved at epoch 23, iteration 793000
Checkpoint saved at epoch 23, iteration 794000
Checkpoint saved at epoch 23, iteration 795000
Checkpoint saved at epoch 23, iteration 796000
Checkpoint saved at epoch 23, iteration 797000
Checkpoint saved at epoch 23, iteration 798000
Checkpoint saved at epoch 23, iteration 799000
Checkpoint saved at epoch 23, iteration 800000
Checkpoint saved at epoch 23, iteration 801000
Checkpoint saved at epoch 23, iteration 802000
Checkpoint saved at epoch 23, iteration 803000
Checkpoint saved at epoch 23, iteration 804000
Epoch 23 completed, checkpoint saved.
