cuDNN enabled: True
CUDA: 11.1
cuDNN: 8005
GPU: NVIDIA RTX A5000
Loading checkpoint from classifiers2/checkpoint_latest.pth
Checkpoint saved at epoch 33, iteration 1078000
Checkpoint saved at epoch 33, iteration 1079000
Checkpoint saved at epoch 33, iteration 1080000
Checkpoint saved at epoch 33, iteration 1081000
Checkpoint saved at epoch 33, iteration 1082000
Checkpoint saved at epoch 33, iteration 1083000
Checkpoint saved at epoch 33, iteration 1084000
Checkpoint saved at epoch 33, iteration 1085000
Checkpoint saved at epoch 33, iteration 1086000
Checkpoint saved at epoch 33, iteration 1087000
Checkpoint saved at epoch 33, iteration 1088000
Checkpoint saved at epoch 33, iteration 1089000
Checkpoint saved at epoch 33, iteration 1090000
Checkpoint saved at epoch 33, iteration 1091000
Checkpoint saved at epoch 33, iteration 1092000
Checkpoint saved at epoch 33, iteration 1093000
Checkpoint saved at epoch 33, iteration 1094000
Checkpoint saved at epoch 33, iteration 1095000
Checkpoint saved at epoch 33, iteration 1096000
Checkpoint saved at epoch 33, iteration 1097000
Checkpoint saved at epoch 33, iteration 1098000
Checkpoint saved at epoch 33, iteration 1099000
Checkpoint saved at epoch 33, iteration 1100000
Checkpoint saved at epoch 33, iteration 1101000
Checkpoint saved at epoch 33, iteration 1102000
Checkpoint saved at epoch 33, iteration 1103000
Checkpoint saved at epoch 33, iteration 1104000
Checkpoint saved at epoch 33, iteration 1105000
Checkpoint saved at epoch 33, iteration 1106000
Checkpoint saved at epoch 33, iteration 1107000
Checkpoint saved at epoch 33, iteration 1108000
Checkpoint saved at epoch 33, iteration 1109000
Checkpoint saved at epoch 33, iteration 1110000
Checkpoint saved at epoch 33, iteration 1111000
Checkpoint saved at epoch 33, iteration 1112000
Checkpoint saved at epoch 33, iteration 1113000
Checkpoint saved at epoch 33, iteration 1114000
Epoch 33 completed, checkpoint saved.
Checkpoint saved at epoch 34, iteration 1115000
Checkpoint saved at epoch 34, iteration 1116000
Checkpoint saved at epoch 34, iteration 1117000
Checkpoint saved at epoch 34, iteration 1118000
Checkpoint saved at epoch 34, iteration 1119000
Checkpoint saved at epoch 34, iteration 1120000
Checkpoint saved at epoch 34, iteration 1121000
Checkpoint saved at epoch 34, iteration 1122000
Checkpoint saved at epoch 34, iteration 1123000
Checkpoint saved at epoch 34, iteration 1124000
Checkpoint saved at epoch 34, iteration 1125000
Checkpoint saved at epoch 34, iteration 1126000
Checkpoint saved at epoch 34, iteration 1127000
Checkpoint saved at epoch 34, iteration 1128000
Checkpoint saved at epoch 34, iteration 1129000
Checkpoint saved at epoch 34, iteration 1130000
Checkpoint saved at epoch 34, iteration 1131000
Checkpoint saved at epoch 34, iteration 1132000
Checkpoint saved at epoch 34, iteration 1133000
Checkpoint saved at epoch 34, iteration 1134000
Checkpoint saved at epoch 34, iteration 1135000
Checkpoint saved at epoch 34, iteration 1136000
Checkpoint saved at epoch 34, iteration 1137000
Checkpoint saved at epoch 34, iteration 1138000
Checkpoint saved at epoch 34, iteration 1139000
Checkpoint saved at epoch 34, iteration 1140000
Checkpoint saved at epoch 34, iteration 1141000
Checkpoint saved at epoch 34, iteration 1142000
Checkpoint saved at epoch 34, iteration 1143000
Checkpoint saved at epoch 34, iteration 1144000
Checkpoint saved at epoch 34, iteration 1145000
Checkpoint saved at epoch 34, iteration 1146000
Checkpoint saved at epoch 34, iteration 1147000
Checkpoint saved at epoch 34, iteration 1148000
Checkpoint saved at epoch 34, iteration 1149000
Checkpoint saved at epoch 34, iteration 1150000
Checkpoint saved at epoch 34, iteration 1151000
Checkpoint saved at epoch 34, iteration 1152000
Epoch 34 completed, checkpoint saved.
Checkpoint saved at epoch 35, iteration 1153000
Checkpoint saved at epoch 35, iteration 1154000
Checkpoint saved at epoch 35, iteration 1155000
Checkpoint saved at epoch 35, iteration 1156000
Checkpoint saved at epoch 35, iteration 1157000
Checkpoint saved at epoch 35, iteration 1158000
Checkpoint saved at epoch 35, iteration 1159000
Checkpoint saved at epoch 35, iteration 1160000
Checkpoint saved at epoch 35, iteration 1161000
Checkpoint saved at epoch 35, iteration 1162000
Checkpoint saved at epoch 35, iteration 1163000
Checkpoint saved at epoch 35, iteration 1164000
Checkpoint saved at epoch 35, iteration 1165000
Checkpoint saved at epoch 35, iteration 1166000
Checkpoint saved at epoch 35, iteration 1167000
Checkpoint saved at epoch 35, iteration 1168000
Checkpoint saved at epoch 35, iteration 1169000
Checkpoint saved at epoch 35, iteration 1170000
Checkpoint saved at epoch 35, iteration 1171000
Checkpoint saved at epoch 35, iteration 1172000
Checkpoint saved at epoch 35, iteration 1173000
Checkpoint saved at epoch 35, iteration 1174000
Checkpoint saved at epoch 35, iteration 1175000
Checkpoint saved at epoch 35, iteration 1176000
Checkpoint saved at epoch 35, iteration 1177000
Checkpoint saved at epoch 35, iteration 1178000
Checkpoint saved at epoch 35, iteration 1179000
Checkpoint saved at epoch 35, iteration 1180000
Checkpoint saved at epoch 35, iteration 1181000
Checkpoint saved at epoch 35, iteration 1182000
Checkpoint saved at epoch 35, iteration 1183000
Checkpoint saved at epoch 35, iteration 1184000
Checkpoint saved at epoch 35, iteration 1185000
Checkpoint saved at epoch 35, iteration 1186000
Checkpoint saved at epoch 35, iteration 1187000
Checkpoint saved at epoch 35, iteration 1188000
Checkpoint saved at epoch 35, iteration 1189000
Checkpoint saved at epoch 35, iteration 1190000
Epoch 35 completed, checkpoint saved.
Checkpoint saved at epoch 36, iteration 1191000
Checkpoint saved at epoch 36, iteration 1192000
Checkpoint saved at epoch 36, iteration 1193000
Checkpoint saved at epoch 36, iteration 1194000
Checkpoint saved at epoch 36, iteration 1195000
Checkpoint saved at epoch 36, iteration 1196000
Checkpoint saved at epoch 36, iteration 1197000
Checkpoint saved at epoch 36, iteration 1198000
Checkpoint saved at epoch 36, iteration 1199000
Checkpoint saved at epoch 36, iteration 1200000
Checkpoint saved at epoch 36, iteration 1201000
Checkpoint saved at epoch 36, iteration 1202000
Checkpoint saved at epoch 36, iteration 1203000
Checkpoint saved at epoch 36, iteration 1204000
Checkpoint saved at epoch 36, iteration 1205000
Checkpoint saved at epoch 36, iteration 1206000
Checkpoint saved at epoch 36, iteration 1207000
Checkpoint saved at epoch 36, iteration 1208000
Checkpoint saved at epoch 36, iteration 1209000
Checkpoint saved at epoch 36, iteration 1210000
Checkpoint saved at epoch 36, iteration 1211000
Checkpoint saved at epoch 36, iteration 1212000
Checkpoint saved at epoch 36, iteration 1213000
Checkpoint saved at epoch 36, iteration 1214000
Checkpoint saved at epoch 36, iteration 1215000
Checkpoint saved at epoch 36, iteration 1216000
Checkpoint saved at epoch 36, iteration 1217000
Checkpoint saved at epoch 36, iteration 1218000
Checkpoint saved at epoch 36, iteration 1219000
Checkpoint saved at epoch 36, iteration 1220000
Checkpoint saved at epoch 36, iteration 1221000
Checkpoint saved at epoch 36, iteration 1222000
Checkpoint saved at epoch 36, iteration 1223000
Checkpoint saved at epoch 36, iteration 1224000
Checkpoint saved at epoch 36, iteration 1225000
Checkpoint saved at epoch 36, iteration 1226000
Checkpoint saved at epoch 36, iteration 1227000
Checkpoint saved at epoch 36, iteration 1228000
Epoch 36 completed, checkpoint saved.
Checkpoint saved at epoch 37, iteration 1229000
Checkpoint saved at epoch 37, iteration 1230000
Checkpoint saved at epoch 37, iteration 1231000
Checkpoint saved at epoch 37, iteration 1232000
Checkpoint saved at epoch 37, iteration 1233000
Checkpoint saved at epoch 37, iteration 1234000
Checkpoint saved at epoch 37, iteration 1235000
Checkpoint saved at epoch 37, iteration 1236000
Checkpoint saved at epoch 37, iteration 1237000
Checkpoint saved at epoch 37, iteration 1238000
Checkpoint saved at epoch 37, iteration 1239000
Checkpoint saved at epoch 37, iteration 1240000
Checkpoint saved at epoch 37, iteration 1241000
Checkpoint saved at epoch 37, iteration 1242000
Checkpoint saved at epoch 37, iteration 1243000
Checkpoint saved at epoch 37, iteration 1244000
Checkpoint saved at epoch 37, iteration 1245000
Checkpoint saved at epoch 37, iteration 1246000
Checkpoint saved at epoch 37, iteration 1247000
Checkpoint saved at epoch 37, iteration 1248000
Checkpoint saved at epoch 37, iteration 1249000
Checkpoint saved at epoch 37, iteration 1250000
Checkpoint saved at epoch 37, iteration 1251000
Checkpoint saved at epoch 37, iteration 1252000
Checkpoint saved at epoch 37, iteration 1253000
Checkpoint saved at epoch 37, iteration 1254000
Checkpoint saved at epoch 37, iteration 1255000
Checkpoint saved at epoch 37, iteration 1256000
Checkpoint saved at epoch 37, iteration 1257000
Checkpoint saved at epoch 37, iteration 1258000
Checkpoint saved at epoch 37, iteration 1259000
Checkpoint saved at epoch 37, iteration 1260000
Checkpoint saved at epoch 37, iteration 1261000
Checkpoint saved at epoch 37, iteration 1262000
Checkpoint saved at epoch 37, iteration 1263000
Checkpoint saved at epoch 37, iteration 1264000
Checkpoint saved at epoch 37, iteration 1265000
Checkpoint saved at epoch 37, iteration 1266000
Epoch 37 completed, checkpoint saved.
Checkpoint saved at epoch 38, iteration 1267000
Checkpoint saved at epoch 38, iteration 1268000
Checkpoint saved at epoch 38, iteration 1269000
Checkpoint saved at epoch 38, iteration 1270000
Checkpoint saved at epoch 38, iteration 1271000
Checkpoint saved at epoch 38, iteration 1272000
Checkpoint saved at epoch 38, iteration 1273000
Checkpoint saved at epoch 38, iteration 1274000
Checkpoint saved at epoch 38, iteration 1275000
Checkpoint saved at epoch 38, iteration 1276000
Checkpoint saved at epoch 38, iteration 1277000
Checkpoint saved at epoch 38, iteration 1278000
Checkpoint saved at epoch 38, iteration 1279000
Checkpoint saved at epoch 38, iteration 1280000
Checkpoint saved at epoch 38, iteration 1281000
Checkpoint saved at epoch 38, iteration 1282000
Checkpoint saved at epoch 38, iteration 1283000
Checkpoint saved at epoch 38, iteration 1284000
Checkpoint saved at epoch 38, iteration 1285000
Checkpoint saved at epoch 38, iteration 1286000
Checkpoint saved at epoch 38, iteration 1287000
Checkpoint saved at epoch 38, iteration 1288000
Checkpoint saved at epoch 38, iteration 1289000
Checkpoint saved at epoch 38, iteration 1290000
Checkpoint saved at epoch 38, iteration 1291000
Checkpoint saved at epoch 38, iteration 1292000
Checkpoint saved at epoch 38, iteration 1293000
Checkpoint saved at epoch 38, iteration 1294000
Checkpoint saved at epoch 38, iteration 1295000
Checkpoint saved at epoch 38, iteration 1296000
Checkpoint saved at epoch 38, iteration 1297000
Checkpoint saved at epoch 38, iteration 1298000
Checkpoint saved at epoch 38, iteration 1299000
Checkpoint saved at epoch 38, iteration 1300000
Checkpoint saved at epoch 38, iteration 1301000
Checkpoint saved at epoch 38, iteration 1302000
Checkpoint saved at epoch 38, iteration 1303000
Checkpoint saved at epoch 38, iteration 1304000
Epoch 38 completed, checkpoint saved.
Checkpoint saved at epoch 39, iteration 1305000
Checkpoint saved at epoch 39, iteration 1306000
Checkpoint saved at epoch 39, iteration 1307000
Checkpoint saved at epoch 39, iteration 1308000
Checkpoint saved at epoch 39, iteration 1309000
Checkpoint saved at epoch 39, iteration 1310000
Checkpoint saved at epoch 39, iteration 1311000
Checkpoint saved at epoch 39, iteration 1312000
Checkpoint saved at epoch 39, iteration 1313000
Checkpoint saved at epoch 39, iteration 1314000
Checkpoint saved at epoch 39, iteration 1315000
Checkpoint saved at epoch 39, iteration 1316000
Checkpoint saved at epoch 39, iteration 1317000
Checkpoint saved at epoch 39, iteration 1318000
Checkpoint saved at epoch 39, iteration 1319000
Checkpoint saved at epoch 39, iteration 1320000
Checkpoint saved at epoch 39, iteration 1321000
Checkpoint saved at epoch 39, iteration 1322000
Checkpoint saved at epoch 39, iteration 1323000
Checkpoint saved at epoch 39, iteration 1324000
Checkpoint saved at epoch 39, iteration 1325000
Checkpoint saved at epoch 39, iteration 1326000
Checkpoint saved at epoch 39, iteration 1327000
Checkpoint saved at epoch 39, iteration 1328000
Checkpoint saved at epoch 39, iteration 1329000
Checkpoint saved at epoch 39, iteration 1330000
Checkpoint saved at epoch 39, iteration 1331000
Checkpoint saved at epoch 39, iteration 1332000
Checkpoint saved at epoch 39, iteration 1333000
Checkpoint saved at epoch 39, iteration 1334000
Checkpoint saved at epoch 39, iteration 1335000
Checkpoint saved at epoch 39, iteration 1336000
Checkpoint saved at epoch 39, iteration 1337000
Checkpoint saved at epoch 39, iteration 1338000
Checkpoint saved at epoch 39, iteration 1339000
Checkpoint saved at epoch 39, iteration 1340000
Checkpoint saved at epoch 39, iteration 1341000
Checkpoint saved at epoch 39, iteration 1342000
Epoch 39 completed, checkpoint saved.
