cuDNN enabled: True
CUDA: 11.1
cuDNN: 8005
vLoading checkpoint from classifiers/checkpoint_latest.pth
Checkpoint saved at epoch 28, iteration 767000
Checkpoint saved at epoch 28, iteration 768000
Checkpoint saved at epoch 28, iteration 769000
Checkpoint saved at epoch 28, iteration 770000
Checkpoint saved at epoch 28, iteration 771000
Checkpoint saved at epoch 28, iteration 772000
Checkpoint saved at epoch 28, iteration 773000
Checkpoint saved at epoch 28, iteration 774000
Checkpoint saved at epoch 28, iteration 775000
Checkpoint saved at epoch 28, iteration 776000
Checkpoint saved at epoch 28, iteration 777000
Checkpoint saved at epoch 28, iteration 778000
Checkpoint saved at epoch 28, iteration 779000
Checkpoint saved at epoch 28, iteration 780000
Checkpoint saved at epoch 28, iteration 781000
Checkpoint saved at epoch 28, iteration 782000
Checkpoint saved at epoch 28, iteration 783000
Checkpoint saved at epoch 28, iteration 784000
Checkpoint saved at epoch 28, iteration 785000
Checkpoint saved at epoch 28, iteration 786000
Checkpoint saved at epoch 28, iteration 787000
Checkpoint saved at epoch 28, iteration 788000
Checkpoint saved at epoch 28, iteration 789000
Checkpoint saved at epoch 28, iteration 790000
Checkpoint saved at epoch 28, iteration 791000
Checkpoint saved at epoch 28, iteration 792000
Checkpoint saved at epoch 28, iteration 793000
Checkpoint saved at epoch 28, iteration 794000
Checkpoint saved at epoch 28, iteration 795000
Checkpoint saved at epoch 28, iteration 796000
Checkpoint saved at epoch 28, iteration 797000
Checkpoint saved at epoch 28, iteration 798000
Checkpoint saved at epoch 28, iteration 799000
Checkpoint saved at epoch 28, iteration 800000
Checkpoint saved at epoch 28, iteration 801000
Checkpoint saved at epoch 28, iteration 802000
Checkpoint saved at epoch 28, iteration 803000
Epoch 28 completed, checkpoint saved.
Checkpoint saved at epoch 29, iteration 804000
Checkpoint saved at epoch 29, iteration 805000
Checkpoint saved at epoch 29, iteration 806000
Checkpoint saved at epoch 29, iteration 807000
Checkpoint saved at epoch 29, iteration 808000
Checkpoint saved at epoch 29, iteration 809000
Checkpoint saved at epoch 29, iteration 810000
Checkpoint saved at epoch 29, iteration 811000
Checkpoint saved at epoch 29, iteration 812000
Checkpoint saved at epoch 29, iteration 813000
Checkpoint saved at epoch 29, iteration 814000
Checkpoint saved at epoch 29, iteration 815000
Checkpoint saved at epoch 29, iteration 816000
Checkpoint saved at epoch 29, iteration 817000
Checkpoint saved at epoch 29, iteration 818000
Checkpoint saved at epoch 29, iteration 819000
Checkpoint saved at epoch 29, iteration 820000
Checkpoint saved at epoch 29, iteration 821000
Checkpoint saved at epoch 29, iteration 822000
Checkpoint saved at epoch 29, iteration 823000
Checkpoint saved at epoch 29, iteration 824000
Checkpoint saved at epoch 29, iteration 825000
Checkpoint saved at epoch 29, iteration 826000
Checkpoint saved at epoch 29, iteration 827000
Checkpoint saved at epoch 29, iteration 828000
Checkpoint saved at epoch 29, iteration 829000
Checkpoint saved at epoch 29, iteration 830000
Checkpoint saved at epoch 29, iteration 831000
Checkpoint saved at epoch 29, iteration 832000
Checkpoint saved at epoch 29, iteration 833000
Checkpoint saved at epoch 29, iteration 834000
Checkpoint saved at epoch 29, iteration 835000
Checkpoint saved at epoch 29, iteration 836000
Checkpoint saved at epoch 29, iteration 837000
Checkpoint saved at epoch 29, iteration 838000
Checkpoint saved at epoch 29, iteration 839000
Checkpoint saved at epoch 29, iteration 840000
Checkpoint saved at epoch 29, iteration 841000
Epoch 29 completed, checkpoint saved.
