cuDNN enabled: True
CUDA: 11.1
cuDNN: 8005
GPU: NVIDIA RTX A5000
Loading checkpoint from classifiers/checkpoint_latest.pth
Checkpoint saved at epoch 15, iteration 353000
Checkpoint saved at epoch 15, iteration 354000
Checkpoint saved at epoch 15, iteration 355000
Checkpoint saved at epoch 15, iteration 356000
Checkpoint saved at epoch 15, iteration 357000
Checkpoint saved at epoch 15, iteration 358000
Checkpoint saved at epoch 15, iteration 359000
Checkpoint saved at epoch 15, iteration 360000
Checkpoint saved at epoch 15, iteration 361000
Checkpoint saved at epoch 15, iteration 362000
Checkpoint saved at epoch 15, iteration 363000
Checkpoint saved at epoch 15, iteration 364000
Checkpoint saved at epoch 15, iteration 365000
Checkpoint saved at epoch 15, iteration 366000
Checkpoint saved at epoch 15, iteration 367000
Checkpoint saved at epoch 15, iteration 368000
Checkpoint saved at epoch 15, iteration 369000
Checkpoint saved at epoch 15, iteration 370000
Checkpoint saved at epoch 15, iteration 371000
Checkpoint saved at epoch 15, iteration 372000
Checkpoint saved at epoch 15, iteration 373000
Checkpoint saved at epoch 15, iteration 374000
Checkpoint saved at epoch 15, iteration 375000
Checkpoint saved at epoch 15, iteration 376000
Checkpoint saved at epoch 15, iteration 377000
Checkpoint saved at epoch 15, iteration 378000
Checkpoint saved at epoch 15, iteration 379000
Checkpoint saved at epoch 15, iteration 380000
Checkpoint saved at epoch 15, iteration 381000
Checkpoint saved at epoch 15, iteration 382000
Checkpoint saved at epoch 15, iteration 383000
Checkpoint saved at epoch 15, iteration 384000
Checkpoint saved at epoch 15, iteration 385000
Checkpoint saved at epoch 15, iteration 386000
Checkpoint saved at epoch 15, iteration 387000
Checkpoint saved at epoch 15, iteration 388000
Checkpoint saved at epoch 15, iteration 389000
Epoch 15 completed, checkpoint saved.
Checkpoint saved at epoch 16, iteration 390000
Checkpoint saved at epoch 16, iteration 391000
Checkpoint saved at epoch 16, iteration 392000
Checkpoint saved at epoch 16, iteration 393000
Checkpoint saved at epoch 16, iteration 394000
Checkpoint saved at epoch 16, iteration 395000
Checkpoint saved at epoch 16, iteration 396000
Checkpoint saved at epoch 16, iteration 397000
Checkpoint saved at epoch 16, iteration 398000
Checkpoint saved at epoch 16, iteration 399000
Checkpoint saved at epoch 16, iteration 400000
Checkpoint saved at epoch 16, iteration 401000
Checkpoint saved at epoch 16, iteration 402000
Checkpoint saved at epoch 16, iteration 403000
Checkpoint saved at epoch 16, iteration 404000
Checkpoint saved at epoch 16, iteration 405000
Checkpoint saved at epoch 16, iteration 406000
Checkpoint saved at epoch 16, iteration 407000
Checkpoint saved at epoch 16, iteration 408000
Checkpoint saved at epoch 16, iteration 409000
Checkpoint saved at epoch 16, iteration 410000
Checkpoint saved at epoch 16, iteration 411000
Checkpoint saved at epoch 16, iteration 412000
Checkpoint saved at epoch 16, iteration 413000
Checkpoint saved at epoch 16, iteration 414000
Checkpoint saved at epoch 16, iteration 415000
Checkpoint saved at epoch 16, iteration 416000
Checkpoint saved at epoch 16, iteration 417000
Checkpoint saved at epoch 16, iteration 418000
Checkpoint saved at epoch 16, iteration 419000
Checkpoint saved at epoch 16, iteration 420000
Checkpoint saved at epoch 16, iteration 421000
Checkpoint saved at epoch 16, iteration 422000
Checkpoint saved at epoch 16, iteration 423000
Checkpoint saved at epoch 16, iteration 424000
Checkpoint saved at epoch 16, iteration 425000
Checkpoint saved at epoch 16, iteration 426000
Checkpoint saved at epoch 16, iteration 427000
Epoch 16 completed, checkpoint saved.
Checkpoint saved at epoch 17, iteration 428000
Checkpoint saved at epoch 17, iteration 429000
Checkpoint saved at epoch 17, iteration 430000
Checkpoint saved at epoch 17, iteration 431000
Checkpoint saved at epoch 17, iteration 432000
Checkpoint saved at epoch 17, iteration 433000
Checkpoint saved at epoch 17, iteration 434000
Checkpoint saved at epoch 17, iteration 435000
Checkpoint saved at epoch 17, iteration 436000
Checkpoint saved at epoch 17, iteration 437000
Checkpoint saved at epoch 17, iteration 438000
Checkpoint saved at epoch 17, iteration 439000
Checkpoint saved at epoch 17, iteration 440000
Checkpoint saved at epoch 17, iteration 441000
Checkpoint saved at epoch 17, iteration 442000
Checkpoint saved at epoch 17, iteration 443000
Checkpoint saved at epoch 17, iteration 444000
Checkpoint saved at epoch 17, iteration 445000
Checkpoint saved at epoch 17, iteration 446000
Checkpoint saved at epoch 17, iteration 447000
Checkpoint saved at epoch 17, iteration 448000
Checkpoint saved at epoch 17, iteration 449000
Checkpoint saved at epoch 17, iteration 450000
Checkpoint saved at epoch 17, iteration 451000
Checkpoint saved at epoch 17, iteration 452000
Checkpoint saved at epoch 17, iteration 453000
Checkpoint saved at epoch 17, iteration 454000
Checkpoint saved at epoch 17, iteration 455000
Checkpoint saved at epoch 17, iteration 456000
Checkpoint saved at epoch 17, iteration 457000
Checkpoint saved at epoch 17, iteration 458000
Checkpoint saved at epoch 17, iteration 459000
Checkpoint saved at epoch 17, iteration 460000
Checkpoint saved at epoch 17, iteration 461000
Checkpoint saved at epoch 17, iteration 462000
Checkpoint saved at epoch 17, iteration 463000
Checkpoint saved at epoch 17, iteration 464000
Checkpoint saved at epoch 17, iteration 465000
