cuDNN enabled: True
CUDA: 11.1
cuDNN: 8005
GPU: NVIDIA RTX A5000
Loading checkpoint from classifiers/checkpoint_latest.pth
Checkpoint saved at epoch 31, iteration 875000
Checkpoint saved at epoch 31, iteration 876000
Checkpoint saved at epoch 31, iteration 877000
Checkpoint saved at epoch 31, iteration 878000
Checkpoint saved at epoch 31, iteration 879000
Checkpoint saved at epoch 31, iteration 880000
Checkpoint saved at epoch 31, iteration 881000
Checkpoint saved at epoch 31, iteration 882000
Checkpoint saved at epoch 31, iteration 883000
Checkpoint saved at epoch 31, iteration 884000
Checkpoint saved at epoch 31, iteration 885000
Checkpoint saved at epoch 31, iteration 886000
Checkpoint saved at epoch 31, iteration 887000
Checkpoint saved at epoch 31, iteration 888000
Checkpoint saved at epoch 31, iteration 889000
Checkpoint saved at epoch 31, iteration 890000
Checkpoint saved at epoch 31, iteration 891000
Checkpoint saved at epoch 31, iteration 892000
Checkpoint saved at epoch 31, iteration 893000
Checkpoint saved at epoch 31, iteration 894000
Checkpoint saved at epoch 31, iteration 895000
Checkpoint saved at epoch 31, iteration 896000
Checkpoint saved at epoch 31, iteration 897000
Checkpoint saved at epoch 31, iteration 898000
Checkpoint saved at epoch 31, iteration 899000
Checkpoint saved at epoch 31, iteration 900000
Checkpoint saved at epoch 31, iteration 901000
Checkpoint saved at epoch 31, iteration 902000
Checkpoint saved at epoch 31, iteration 903000
Checkpoint saved at epoch 31, iteration 904000
Checkpoint saved at epoch 31, iteration 905000
Checkpoint saved at epoch 31, iteration 906000
Checkpoint saved at epoch 31, iteration 907000
Checkpoint saved at epoch 31, iteration 908000
Checkpoint saved at epoch 31, iteration 909000
Checkpoint saved at epoch 31, iteration 910000
Checkpoint saved at epoch 31, iteration 911000
Epoch 31 completed, checkpoint saved.
Checkpoint saved at epoch 32, iteration 912000
Checkpoint saved at epoch 32, iteration 913000
Checkpoint saved at epoch 32, iteration 914000
Checkpoint saved at epoch 32, iteration 915000
Checkpoint saved at epoch 32, iteration 916000
Checkpoint saved at epoch 32, iteration 917000
Checkpoint saved at epoch 32, iteration 918000
Checkpoint saved at epoch 32, iteration 919000
Checkpoint saved at epoch 32, iteration 920000
Checkpoint saved at epoch 32, iteration 921000
Checkpoint saved at epoch 32, iteration 922000
Checkpoint saved at epoch 32, iteration 923000
Checkpoint saved at epoch 32, iteration 924000
Checkpoint saved at epoch 32, iteration 925000
Checkpoint saved at epoch 32, iteration 926000
Checkpoint saved at epoch 32, iteration 927000
Checkpoint saved at epoch 32, iteration 928000
Checkpoint saved at epoch 32, iteration 929000
Checkpoint saved at epoch 32, iteration 930000
Checkpoint saved at epoch 32, iteration 931000
Checkpoint saved at epoch 32, iteration 932000
Checkpoint saved at epoch 32, iteration 933000
Checkpoint saved at epoch 32, iteration 934000
Checkpoint saved at epoch 32, iteration 935000
Checkpoint saved at epoch 32, iteration 936000
Checkpoint saved at epoch 32, iteration 937000
Checkpoint saved at epoch 32, iteration 938000
Checkpoint saved at epoch 32, iteration 939000
Checkpoint saved at epoch 32, iteration 940000
Checkpoint saved at epoch 32, iteration 941000
Checkpoint saved at epoch 32, iteration 942000
Checkpoint saved at epoch 32, iteration 943000
Checkpoint saved at epoch 32, iteration 944000
Checkpoint saved at epoch 32, iteration 945000
Checkpoint saved at epoch 32, iteration 946000
Checkpoint saved at epoch 32, iteration 947000
Checkpoint saved at epoch 32, iteration 948000
Checkpoint saved at epoch 32, iteration 949000
Epoch 32 completed, checkpoint saved.
Checkpoint saved at epoch 33, iteration 950000
Checkpoint saved at epoch 33, iteration 951000
Checkpoint saved at epoch 33, iteration 952000
Checkpoint saved at epoch 33, iteration 953000
Checkpoint saved at epoch 33, iteration 954000
Checkpoint saved at epoch 33, iteration 955000
Checkpoint saved at epoch 33, iteration 956000
Checkpoint saved at epoch 33, iteration 957000
Checkpoint saved at epoch 33, iteration 958000
Checkpoint saved at epoch 33, iteration 959000
Checkpoint saved at epoch 33, iteration 960000
Checkpoint saved at epoch 33, iteration 961000
Checkpoint saved at epoch 33, iteration 962000
Checkpoint saved at epoch 33, iteration 963000
Checkpoint saved at epoch 33, iteration 964000
Checkpoint saved at epoch 33, iteration 965000
Checkpoint saved at epoch 33, iteration 966000
Checkpoint saved at epoch 33, iteration 967000
Checkpoint saved at epoch 33, iteration 968000
Checkpoint saved at epoch 33, iteration 969000
Checkpoint saved at epoch 33, iteration 970000
Checkpoint saved at epoch 33, iteration 971000
Checkpoint saved at epoch 33, iteration 972000
Checkpoint saved at epoch 33, iteration 973000
Checkpoint saved at epoch 33, iteration 974000
Checkpoint saved at epoch 33, iteration 975000
Checkpoint saved at epoch 33, iteration 976000
Checkpoint saved at epoch 33, iteration 977000
Checkpoint saved at epoch 33, iteration 978000
Checkpoint saved at epoch 33, iteration 979000
Checkpoint saved at epoch 33, iteration 980000
Checkpoint saved at epoch 33, iteration 981000
Checkpoint saved at epoch 33, iteration 982000
Checkpoint saved at epoch 33, iteration 983000
Checkpoint saved at epoch 33, iteration 984000
Checkpoint saved at epoch 33, iteration 985000
Checkpoint saved at epoch 33, iteration 986000
Checkpoint saved at epoch 33, iteration 987000
Epoch 33 completed, checkpoint saved.
